[DEBUG] [2017-04-19 13:54:39][org.apache.ibatis.logging.LogFactory]Logging initialized using 'class org.apache.ibatis.logging.log4j.Log4jImpl' adapter.
[DEBUG] [2017-04-19 13:54:39][org.apache.ibatis.datasource.pooled.PooledDataSource]PooledDataSource forcefully closed/removed all connections.
[DEBUG] [2017-04-19 13:54:39][org.apache.ibatis.datasource.pooled.PooledDataSource]PooledDataSource forcefully closed/removed all connections.
[DEBUG] [2017-04-19 13:54:39][org.apache.ibatis.datasource.pooled.PooledDataSource]PooledDataSource forcefully closed/removed all connections.
[DEBUG] [2017-04-19 13:54:39][org.apache.ibatis.datasource.pooled.PooledDataSource]PooledDataSource forcefully closed/removed all connections.
[DEBUG] [2017-04-19 13:54:40][org.apache.ibatis.transaction.jdbc.JdbcTransaction]Opening JDBC Connection
[DEBUG] [2017-04-19 13:54:40][org.apache.ibatis.datasource.pooled.PooledDataSource]Created connection 823723302.
[DEBUG] [2017-04-19 13:54:40][org.apache.ibatis.transaction.jdbc.JdbcTransaction]Setting autocommit to false on JDBC Connection [com.mysql.jdbc.Connection@31190526]
[DEBUG] [2017-04-19 13:54:40][test.findUserById]==>  Preparing: SELECT * FROM USER WHERE id=? 
[DEBUG] [2017-04-19 13:54:40][test.findUserById]==> Parameters: 1(Integer)
[DEBUG] [2017-04-19 13:54:40][test.findUserById]<==      Total: 1
[DEBUG] [2017-04-19 13:54:40][org.apache.ibatis.transaction.jdbc.JdbcTransaction]Resetting autocommit to true on JDBC Connection [com.mysql.jdbc.Connection@31190526]
[DEBUG] [2017-04-19 13:54:40][org.apache.ibatis.transaction.jdbc.JdbcTransaction]Closing JDBC Connection [com.mysql.jdbc.Connection@31190526]
[DEBUG] [2017-04-19 13:54:40][org.apache.ibatis.datasource.pooled.PooledDataSource]Returned connection 823723302 to pool.
[DEBUG] [2017-04-19 14:01:19][org.apache.ibatis.logging.LogFactory]Logging initialized using 'class org.apache.ibatis.logging.log4j.Log4jImpl' adapter.
[DEBUG] [2017-04-19 14:01:19][org.apache.ibatis.datasource.pooled.PooledDataSource]PooledDataSource forcefully closed/removed all connections.
[DEBUG] [2017-04-19 14:01:19][org.apache.ibatis.datasource.pooled.PooledDataSource]PooledDataSource forcefully closed/removed all connections.
[DEBUG] [2017-04-19 14:01:19][org.apache.ibatis.datasource.pooled.PooledDataSource]PooledDataSource forcefully closed/removed all connections.
[DEBUG] [2017-04-19 14:01:19][org.apache.ibatis.datasource.pooled.PooledDataSource]PooledDataSource forcefully closed/removed all connections.
[DEBUG] [2017-04-19 14:01:19][org.apache.ibatis.transaction.jdbc.JdbcTransaction]Opening JDBC Connection
[DEBUG] [2017-04-19 14:01:19][org.apache.ibatis.datasource.pooled.PooledDataSource]Created connection 823723302.
[DEBUG] [2017-04-19 14:01:19][org.apache.ibatis.transaction.jdbc.JdbcTransaction]Setting autocommit to false on JDBC Connection [com.mysql.jdbc.Connection@31190526]
[DEBUG] [2017-04-19 14:01:19][test.findUserById]==>  Preparing: SELECT * FROM USER WHERE id=? 
[DEBUG] [2017-04-19 14:01:19][test.findUserById]==> Parameters: 1(Integer)
[DEBUG] [2017-04-19 14:01:19][test.findUserById]<==      Total: 1
[DEBUG] [2017-04-19 14:01:19][org.apache.ibatis.transaction.jdbc.JdbcTransaction]Resetting autocommit to true on JDBC Connection [com.mysql.jdbc.Connection@31190526]
[DEBUG] [2017-04-19 14:01:19][org.apache.ibatis.transaction.jdbc.JdbcTransaction]Closing JDBC Connection [com.mysql.jdbc.Connection@31190526]
[DEBUG] [2017-04-19 14:01:19][org.apache.ibatis.datasource.pooled.PooledDataSource]Returned connection 823723302 to pool.
[DEBUG] [2017-04-19 15:00:39][org.apache.ibatis.logging.LogFactory]Logging initialized using 'class org.apache.ibatis.logging.log4j.Log4jImpl' adapter.
[DEBUG] [2017-04-19 15:00:39][org.apache.ibatis.datasource.pooled.PooledDataSource]PooledDataSource forcefully closed/removed all connections.
[DEBUG] [2017-04-19 15:00:39][org.apache.ibatis.datasource.pooled.PooledDataSource]PooledDataSource forcefully closed/removed all connections.
[DEBUG] [2017-04-19 15:00:39][org.apache.ibatis.datasource.pooled.PooledDataSource]PooledDataSource forcefully closed/removed all connections.
[DEBUG] [2017-04-19 15:00:39][org.apache.ibatis.datasource.pooled.PooledDataSource]PooledDataSource forcefully closed/removed all connections.
[DEBUG] [2017-04-19 15:02:25][org.apache.ibatis.logging.LogFactory]Logging initialized using 'class org.apache.ibatis.logging.log4j.Log4jImpl' adapter.
[DEBUG] [2017-04-19 15:02:25][org.apache.ibatis.datasource.pooled.PooledDataSource]PooledDataSource forcefully closed/removed all connections.
[DEBUG] [2017-04-19 15:02:25][org.apache.ibatis.datasource.pooled.PooledDataSource]PooledDataSource forcefully closed/removed all connections.
[DEBUG] [2017-04-19 15:02:25][org.apache.ibatis.datasource.pooled.PooledDataSource]PooledDataSource forcefully closed/removed all connections.
[DEBUG] [2017-04-19 15:02:25][org.apache.ibatis.datasource.pooled.PooledDataSource]PooledDataSource forcefully closed/removed all connections.
[DEBUG] [2017-04-19 15:02:25][org.apache.ibatis.transaction.jdbc.JdbcTransaction]Opening JDBC Connection
[DEBUG] [2017-04-19 15:02:26][org.apache.ibatis.datasource.pooled.PooledDataSource]Created connection 328827614.
[DEBUG] [2017-04-19 15:02:26][org.apache.ibatis.transaction.jdbc.JdbcTransaction]Setting autocommit to false on JDBC Connection [com.mysql.jdbc.Connection@139982de]
[DEBUG] [2017-04-19 15:02:26][test.insertUser]==>  Preparing: INSERT INTO USER (ID,USERNAME,BIRTHDAY,SEX,ADDRESS) VALUE (?,?,?,?,?) 
[DEBUG] [2017-04-19 15:02:26][test.insertUser]==> Parameters: 0(Integer), 王小军(String), 2017-04-19 15:02:25.986(Timestamp), 1(String), 河南郑州(String)
[DEBUG] [2017-04-19 15:02:26][test.insertUser]<==    Updates: 1
[DEBUG] [2017-04-19 15:02:26][org.apache.ibatis.transaction.jdbc.JdbcTransaction]Committing JDBC Connection [com.mysql.jdbc.Connection@139982de]
[DEBUG] [2017-04-19 15:02:26][org.apache.ibatis.transaction.jdbc.JdbcTransaction]Resetting autocommit to true on JDBC Connection [com.mysql.jdbc.Connection@139982de]
[DEBUG] [2017-04-19 15:02:26][org.apache.ibatis.transaction.jdbc.JdbcTransaction]Closing JDBC Connection [com.mysql.jdbc.Connection@139982de]
[DEBUG] [2017-04-19 15:02:26][org.apache.ibatis.datasource.pooled.PooledDataSource]Returned connection 328827614 to pool.
[DEBUG] [2017-04-19 15:03:46][org.apache.ibatis.logging.LogFactory]Logging initialized using 'class org.apache.ibatis.logging.log4j.Log4jImpl' adapter.
[DEBUG] [2017-04-19 15:03:46][org.apache.ibatis.datasource.pooled.PooledDataSource]PooledDataSource forcefully closed/removed all connections.
[DEBUG] [2017-04-19 15:03:46][org.apache.ibatis.datasource.pooled.PooledDataSource]PooledDataSource forcefully closed/removed all connections.
[DEBUG] [2017-04-19 15:03:46][org.apache.ibatis.datasource.pooled.PooledDataSource]PooledDataSource forcefully closed/removed all connections.
[DEBUG] [2017-04-19 15:03:46][org.apache.ibatis.datasource.pooled.PooledDataSource]PooledDataSource forcefully closed/removed all connections.
[DEBUG] [2017-04-19 15:03:46][org.apache.ibatis.transaction.jdbc.JdbcTransaction]Opening JDBC Connection
[DEBUG] [2017-04-19 15:03:47][org.apache.ibatis.datasource.pooled.PooledDataSource]Created connection 328827614.
[DEBUG] [2017-04-19 15:03:47][org.apache.ibatis.transaction.jdbc.JdbcTransaction]Setting autocommit to false on JDBC Connection [com.mysql.jdbc.Connection@139982de]
[DEBUG] [2017-04-19 15:03:47][test.insertUser]==>  Preparing: INSERT INTO USER (ID,USERNAME,BIRTHDAY,SEX,ADDRESS) VALUE (?,?,?,?) 
[DEBUG] [2017-04-19 15:03:47][test.insertUser]==> Parameters: 王小军(String), 2017-04-19 15:03:46.755(Timestamp), 1(String), 河南郑州(String)
[DEBUG] [2017-04-19 15:03:47][org.apache.ibatis.transaction.jdbc.JdbcTransaction]Rolling back JDBC Connection [com.mysql.jdbc.Connection@139982de]
[DEBUG] [2017-04-19 15:03:47][org.apache.ibatis.transaction.jdbc.JdbcTransaction]Resetting autocommit to true on JDBC Connection [com.mysql.jdbc.Connection@139982de]
[DEBUG] [2017-04-19 15:03:47][org.apache.ibatis.transaction.jdbc.JdbcTransaction]Closing JDBC Connection [com.mysql.jdbc.Connection@139982de]
[DEBUG] [2017-04-19 15:03:47][org.apache.ibatis.datasource.pooled.PooledDataSource]Returned connection 328827614 to pool.
[DEBUG] [2017-04-19 15:04:22][org.apache.ibatis.logging.LogFactory]Logging initialized using 'class org.apache.ibatis.logging.log4j.Log4jImpl' adapter.
[DEBUG] [2017-04-19 15:04:22][org.apache.ibatis.datasource.pooled.PooledDataSource]PooledDataSource forcefully closed/removed all connections.
[DEBUG] [2017-04-19 15:04:22][org.apache.ibatis.datasource.pooled.PooledDataSource]PooledDataSource forcefully closed/removed all connections.
[DEBUG] [2017-04-19 15:04:22][org.apache.ibatis.datasource.pooled.PooledDataSource]PooledDataSource forcefully closed/removed all connections.
[DEBUG] [2017-04-19 15:04:22][org.apache.ibatis.datasource.pooled.PooledDataSource]PooledDataSource forcefully closed/removed all connections.
[DEBUG] [2017-04-19 15:04:22][org.apache.ibatis.transaction.jdbc.JdbcTransaction]Opening JDBC Connection
[DEBUG] [2017-04-19 15:04:23][org.apache.ibatis.datasource.pooled.PooledDataSource]Created connection 328827614.
[DEBUG] [2017-04-19 15:04:23][org.apache.ibatis.transaction.jdbc.JdbcTransaction]Setting autocommit to false on JDBC Connection [com.mysql.jdbc.Connection@139982de]
[DEBUG] [2017-04-19 15:04:23][test.insertUser]==>  Preparing: INSERT INTO USER (USERNAME,BIRTHDAY,SEX,ADDRESS) VALUE (?,?,?,?) 
[DEBUG] [2017-04-19 15:04:23][test.insertUser]==> Parameters: 王小军(String), 2017-04-19 15:04:22.858(Timestamp), 1(String), 河南郑州(String)
[DEBUG] [2017-04-19 15:04:23][test.insertUser]<==    Updates: 1
[DEBUG] [2017-04-19 15:04:23][org.apache.ibatis.transaction.jdbc.JdbcTransaction]Committing JDBC Connection [com.mysql.jdbc.Connection@139982de]
[DEBUG] [2017-04-19 15:04:23][org.apache.ibatis.transaction.jdbc.JdbcTransaction]Resetting autocommit to true on JDBC Connection [com.mysql.jdbc.Connection@139982de]
[DEBUG] [2017-04-19 15:04:23][org.apache.ibatis.transaction.jdbc.JdbcTransaction]Closing JDBC Connection [com.mysql.jdbc.Connection@139982de]
[DEBUG] [2017-04-19 15:04:23][org.apache.ibatis.datasource.pooled.PooledDataSource]Returned connection 328827614 to pool.
[DEBUG] [2017-04-19 15:32:59][org.apache.ibatis.logging.LogFactory]Logging initialized using 'class org.apache.ibatis.logging.log4j.Log4jImpl' adapter.
[DEBUG] [2017-04-19 15:32:59][org.apache.ibatis.datasource.pooled.PooledDataSource]PooledDataSource forcefully closed/removed all connections.
[DEBUG] [2017-04-19 15:32:59][org.apache.ibatis.datasource.pooled.PooledDataSource]PooledDataSource forcefully closed/removed all connections.
[DEBUG] [2017-04-19 15:32:59][org.apache.ibatis.datasource.pooled.PooledDataSource]PooledDataSource forcefully closed/removed all connections.
[DEBUG] [2017-04-19 15:32:59][org.apache.ibatis.datasource.pooled.PooledDataSource]PooledDataSource forcefully closed/removed all connections.
[DEBUG] [2017-04-19 15:33:00][org.apache.ibatis.transaction.jdbc.JdbcTransaction]Opening JDBC Connection
[DEBUG] [2017-04-19 15:33:00][org.apache.ibatis.datasource.pooled.PooledDataSource]Created connection 561959774.
[DEBUG] [2017-04-19 15:33:00][org.apache.ibatis.transaction.jdbc.JdbcTransaction]Setting autocommit to false on JDBC Connection [com.mysql.jdbc.Connection@217ed35e]
[DEBUG] [2017-04-19 15:33:00][test.insertUser]==>  Preparing: /*将插入数据的主键返回，返回到user对象中 SELECT LAST_INSERT_ID()：得到刚insert进去记录的主键值，只适用于自增主键 keyProperty：将查询到主键值设置到parameterType指定的对象的哪个属性 order:SELECT LAST_INSERT_ID()执行顺序，相对于insert语句来说他的执行顺序 */ INSERT INTO USER (USERNAME,BIRTHDAY,SEX,ADDRESS) VALUE (?,?,?,?) 
[DEBUG] [2017-04-19 15:33:00][test.insertUser]==> Parameters: 王小军(String), 2017-04-19 15:33:00.083(Timestamp), 1(String), 河南郑州(String)
[DEBUG] [2017-04-19 15:33:00][test.insertUser]<==    Updates: 1
[DEBUG] [2017-04-19 15:33:00][test.insertUser!selectKey]==>  Preparing: 
[DEBUG] [2017-04-19 15:33:00][test.insertUser!selectKey]==> Parameters: 
[DEBUG] [2017-04-19 15:33:00][org.apache.ibatis.transaction.jdbc.JdbcTransaction]Rolling back JDBC Connection [com.mysql.jdbc.Connection@217ed35e]
[DEBUG] [2017-04-19 15:33:00][org.apache.ibatis.transaction.jdbc.JdbcTransaction]Resetting autocommit to true on JDBC Connection [com.mysql.jdbc.Connection@217ed35e]
[DEBUG] [2017-04-19 15:33:00][org.apache.ibatis.transaction.jdbc.JdbcTransaction]Closing JDBC Connection [com.mysql.jdbc.Connection@217ed35e]
[DEBUG] [2017-04-19 15:33:00][org.apache.ibatis.datasource.pooled.PooledDataSource]Returned connection 561959774 to pool.
[DEBUG] [2017-04-19 15:35:02][org.apache.ibatis.logging.LogFactory]Logging initialized using 'class org.apache.ibatis.logging.log4j.Log4jImpl' adapter.
[DEBUG] [2017-04-19 15:35:02][org.apache.ibatis.datasource.pooled.PooledDataSource]PooledDataSource forcefully closed/removed all connections.
[DEBUG] [2017-04-19 15:35:02][org.apache.ibatis.datasource.pooled.PooledDataSource]PooledDataSource forcefully closed/removed all connections.
[DEBUG] [2017-04-19 15:35:02][org.apache.ibatis.datasource.pooled.PooledDataSource]PooledDataSource forcefully closed/removed all connections.
[DEBUG] [2017-04-19 15:35:02][org.apache.ibatis.datasource.pooled.PooledDataSource]PooledDataSource forcefully closed/removed all connections.
[DEBUG] [2017-04-19 15:35:03][org.apache.ibatis.transaction.jdbc.JdbcTransaction]Opening JDBC Connection
[DEBUG] [2017-04-19 15:35:03][org.apache.ibatis.datasource.pooled.PooledDataSource]Created connection 561959774.
[DEBUG] [2017-04-19 15:35:03][org.apache.ibatis.transaction.jdbc.JdbcTransaction]Setting autocommit to false on JDBC Connection [com.mysql.jdbc.Connection@217ed35e]
[DEBUG] [2017-04-19 15:35:03][test.insertUser]==>  Preparing: /*将插入数据的主键返回，返回到user对象中 SELECT LAST_INSERT_ID()：得到刚insert进去记录的主键值，只适用于自增主键 keyProperty：将查询到主键值设置到parameterType指定的对象的哪个属性 order:SELECT LAST_INSERT_ID()执行顺序，相对于insert语句来说他的执行顺序 */ INSERT INTO USER (USERNAME,BIRTHDAY,SEX,ADDRESS) VALUE (?,?,?,?) 
[DEBUG] [2017-04-19 15:35:03][test.insertUser]==> Parameters: 王小军(String), 2017-04-19 15:35:03.02(Timestamp), 1(String), 河南郑州(String)
[DEBUG] [2017-04-19 15:35:03][test.insertUser]<==    Updates: 1
[DEBUG] [2017-04-19 15:35:03][test.insertUser!selectKey]==>  Preparing: SELECT LAST_INSERT_ID() 
[DEBUG] [2017-04-19 15:35:03][test.insertUser!selectKey]==> Parameters: 
[DEBUG] [2017-04-19 15:35:03][test.insertUser!selectKey]<==      Total: 1
[DEBUG] [2017-04-19 15:35:03][org.apache.ibatis.transaction.jdbc.JdbcTransaction]Committing JDBC Connection [com.mysql.jdbc.Connection@217ed35e]
[DEBUG] [2017-04-19 15:35:03][org.apache.ibatis.transaction.jdbc.JdbcTransaction]Resetting autocommit to true on JDBC Connection [com.mysql.jdbc.Connection@217ed35e]
[DEBUG] [2017-04-19 15:35:03][org.apache.ibatis.transaction.jdbc.JdbcTransaction]Closing JDBC Connection [com.mysql.jdbc.Connection@217ed35e]
[DEBUG] [2017-04-19 15:35:03][org.apache.ibatis.datasource.pooled.PooledDataSource]Returned connection 561959774 to pool.
[DEBUG] [2017-04-19 15:35:41][org.apache.ibatis.logging.LogFactory]Logging initialized using 'class org.apache.ibatis.logging.log4j.Log4jImpl' adapter.
[DEBUG] [2017-04-19 15:35:41][org.apache.ibatis.datasource.pooled.PooledDataSource]PooledDataSource forcefully closed/removed all connections.
[DEBUG] [2017-04-19 15:35:41][org.apache.ibatis.datasource.pooled.PooledDataSource]PooledDataSource forcefully closed/removed all connections.
[DEBUG] [2017-04-19 15:35:41][org.apache.ibatis.datasource.pooled.PooledDataSource]PooledDataSource forcefully closed/removed all connections.
[DEBUG] [2017-04-19 15:35:41][org.apache.ibatis.datasource.pooled.PooledDataSource]PooledDataSource forcefully closed/removed all connections.
[DEBUG] [2017-04-19 15:35:41][org.apache.ibatis.transaction.jdbc.JdbcTransaction]Opening JDBC Connection
[DEBUG] [2017-04-19 15:35:42][org.apache.ibatis.datasource.pooled.PooledDataSource]Created connection 975033189.
[DEBUG] [2017-04-19 15:35:42][org.apache.ibatis.transaction.jdbc.JdbcTransaction]Setting autocommit to false on JDBC Connection [com.mysql.jdbc.Connection@3a1dd365]
[DEBUG] [2017-04-19 15:35:42][test.insertUser]==>  Preparing: /*将插入数据的主键返回，返回到user对象中 SELECT LAST_INSERT_ID()：得到刚insert进去记录的主键值，只适用于自增主键 keyProperty：将查询到主键值设置到parameterType指定的对象的哪个属性 order:SELECT LAST_INSERT_ID()执行顺序，相对于insert语句来说他的执行顺序 */ INSERT INTO USER (USERNAME,BIRTHDAY,SEX,ADDRESS) VALUE (?,?,?,?) 
[DEBUG] [2017-04-19 15:35:42][test.insertUser]==> Parameters: 王小军(String), 2017-04-19 15:35:41.967(Timestamp), 1(String), 河南郑州(String)
[DEBUG] [2017-04-19 15:35:42][test.insertUser]<==    Updates: 1
[DEBUG] [2017-04-19 15:35:42][test.insertUser!selectKey]==>  Preparing: SELECT LAST_INSERT_ID() 
[DEBUG] [2017-04-19 15:35:42][test.insertUser!selectKey]==> Parameters: 
[DEBUG] [2017-04-19 15:35:42][test.insertUser!selectKey]<==      Total: 1
[DEBUG] [2017-04-19 15:35:42][org.apache.ibatis.transaction.jdbc.JdbcTransaction]Committing JDBC Connection [com.mysql.jdbc.Connection@3a1dd365]
[DEBUG] [2017-04-19 15:36:14][org.apache.ibatis.transaction.jdbc.JdbcTransaction]Resetting autocommit to true on JDBC Connection [com.mysql.jdbc.Connection@3a1dd365]
[DEBUG] [2017-04-19 15:36:14][org.apache.ibatis.transaction.jdbc.JdbcTransaction]Closing JDBC Connection [com.mysql.jdbc.Connection@3a1dd365]
[DEBUG] [2017-04-19 15:36:14][org.apache.ibatis.datasource.pooled.PooledDataSource]Returned connection 975033189 to pool.
[DEBUG] [2017-04-19 16:22:40][org.apache.ibatis.logging.LogFactory]Logging initialized using 'class org.apache.ibatis.logging.log4j.Log4jImpl' adapter.
[DEBUG] [2017-04-19 16:22:40][org.apache.ibatis.datasource.pooled.PooledDataSource]PooledDataSource forcefully closed/removed all connections.
[DEBUG] [2017-04-19 16:22:40][org.apache.ibatis.datasource.pooled.PooledDataSource]PooledDataSource forcefully closed/removed all connections.
[DEBUG] [2017-04-19 16:22:40][org.apache.ibatis.datasource.pooled.PooledDataSource]PooledDataSource forcefully closed/removed all connections.
[DEBUG] [2017-04-19 16:22:40][org.apache.ibatis.datasource.pooled.PooledDataSource]PooledDataSource forcefully closed/removed all connections.
[DEBUG] [2017-04-19 16:22:40][org.apache.ibatis.transaction.jdbc.JdbcTransaction]Opening JDBC Connection
[DEBUG] [2017-04-19 16:22:41][org.apache.ibatis.datasource.pooled.PooledDataSource]Created connection 561959774.
[DEBUG] [2017-04-19 16:22:41][org.apache.ibatis.transaction.jdbc.JdbcTransaction]Setting autocommit to false on JDBC Connection [com.mysql.jdbc.Connection@217ed35e]
[DEBUG] [2017-04-19 16:22:41][test.insertUser]==>  Preparing: /*将插入数据的主键返回，返回到user对象中 SELECT LAST_INSERT_ID()：得到刚insert进去记录的主键值，只适用于自增主键 keyProperty：将查询到主键值设置到parameterType指定的对象的哪个属性 order:SELECT LAST_INSERT_ID()执行顺序，相对于insert语句来说他的执行顺序 */ INSERT INTO USER (USERNAME,BIRTHDAY,SEX,ADDRESS) VALUE (?,?,?,?) 
[DEBUG] [2017-04-19 16:22:41][org.apache.ibatis.transaction.jdbc.JdbcTransaction]Rolling back JDBC Connection [com.mysql.jdbc.Connection@217ed35e]
[DEBUG] [2017-04-19 16:22:41][org.apache.ibatis.transaction.jdbc.JdbcTransaction]Resetting autocommit to true on JDBC Connection [com.mysql.jdbc.Connection@217ed35e]
[DEBUG] [2017-04-19 16:22:41][org.apache.ibatis.transaction.jdbc.JdbcTransaction]Closing JDBC Connection [com.mysql.jdbc.Connection@217ed35e]
[DEBUG] [2017-04-19 16:22:41][org.apache.ibatis.datasource.pooled.PooledDataSource]Returned connection 561959774 to pool.
[DEBUG] [2017-04-19 16:22:54][org.apache.ibatis.logging.LogFactory]Logging initialized using 'class org.apache.ibatis.logging.log4j.Log4jImpl' adapter.
[DEBUG] [2017-04-19 16:22:54][org.apache.ibatis.datasource.pooled.PooledDataSource]PooledDataSource forcefully closed/removed all connections.
[DEBUG] [2017-04-19 16:22:54][org.apache.ibatis.datasource.pooled.PooledDataSource]PooledDataSource forcefully closed/removed all connections.
[DEBUG] [2017-04-19 16:22:54][org.apache.ibatis.datasource.pooled.PooledDataSource]PooledDataSource forcefully closed/removed all connections.
[DEBUG] [2017-04-19 16:22:54][org.apache.ibatis.datasource.pooled.PooledDataSource]PooledDataSource forcefully closed/removed all connections.
[DEBUG] [2017-04-19 16:23:28][org.apache.ibatis.logging.LogFactory]Logging initialized using 'class org.apache.ibatis.logging.log4j.Log4jImpl' adapter.
[DEBUG] [2017-04-19 16:23:28][org.apache.ibatis.datasource.pooled.PooledDataSource]PooledDataSource forcefully closed/removed all connections.
[DEBUG] [2017-04-19 16:23:28][org.apache.ibatis.datasource.pooled.PooledDataSource]PooledDataSource forcefully closed/removed all connections.
[DEBUG] [2017-04-19 16:23:28][org.apache.ibatis.datasource.pooled.PooledDataSource]PooledDataSource forcefully closed/removed all connections.
[DEBUG] [2017-04-19 16:23:28][org.apache.ibatis.datasource.pooled.PooledDataSource]PooledDataSource forcefully closed/removed all connections.
[DEBUG] [2017-04-19 16:23:28][org.apache.ibatis.transaction.jdbc.JdbcTransaction]Opening JDBC Connection
[DEBUG] [2017-04-19 16:23:28][org.apache.ibatis.datasource.pooled.PooledDataSource]Created connection 561959774.
[DEBUG] [2017-04-19 16:23:28][org.apache.ibatis.transaction.jdbc.JdbcTransaction]Setting autocommit to false on JDBC Connection [com.mysql.jdbc.Connection@217ed35e]
[DEBUG] [2017-04-19 16:23:28][test.deleteUser]==>  Preparing: DELETE FROM USER WHERE ID=? 
[DEBUG] [2017-04-19 16:23:28][test.deleteUser]==> Parameters: 31(Integer)
[DEBUG] [2017-04-19 16:23:28][test.deleteUser]<==    Updates: 1
[DEBUG] [2017-04-19 16:23:28][org.apache.ibatis.transaction.jdbc.JdbcTransaction]Committing JDBC Connection [com.mysql.jdbc.Connection@217ed35e]
[DEBUG] [2017-04-19 16:23:28][org.apache.ibatis.transaction.jdbc.JdbcTransaction]Resetting autocommit to true on JDBC Connection [com.mysql.jdbc.Connection@217ed35e]
[DEBUG] [2017-04-19 16:23:28][org.apache.ibatis.transaction.jdbc.JdbcTransaction]Closing JDBC Connection [com.mysql.jdbc.Connection@217ed35e]
[DEBUG] [2017-04-19 16:23:28][org.apache.ibatis.datasource.pooled.PooledDataSource]Returned connection 561959774 to pool.
[DEBUG] [2017-04-19 16:25:56][org.apache.ibatis.logging.LogFactory]Logging initialized using 'class org.apache.ibatis.logging.log4j.Log4jImpl' adapter.
[DEBUG] [2017-04-19 16:25:56][org.apache.ibatis.datasource.pooled.PooledDataSource]PooledDataSource forcefully closed/removed all connections.
[DEBUG] [2017-04-19 16:25:56][org.apache.ibatis.datasource.pooled.PooledDataSource]PooledDataSource forcefully closed/removed all connections.
[DEBUG] [2017-04-19 16:25:56][org.apache.ibatis.datasource.pooled.PooledDataSource]PooledDataSource forcefully closed/removed all connections.
[DEBUG] [2017-04-19 16:25:56][org.apache.ibatis.datasource.pooled.PooledDataSource]PooledDataSource forcefully closed/removed all connections.
[DEBUG] [2017-04-19 16:25:56][org.apache.ibatis.transaction.jdbc.JdbcTransaction]Opening JDBC Connection
[DEBUG] [2017-04-19 16:25:56][org.apache.ibatis.datasource.pooled.PooledDataSource]Created connection 561959774.
[DEBUG] [2017-04-19 16:25:56][org.apache.ibatis.transaction.jdbc.JdbcTransaction]Setting autocommit to false on JDBC Connection [com.mysql.jdbc.Connection@217ed35e]
[DEBUG] [2017-04-19 16:25:56][test.updateUser]==>  Preparing: UODATE SET USERNAME=?,BIRTHDAY=?,SEX=?,ADDRESS=? WHERE ID=? 
[DEBUG] [2017-04-19 16:25:56][test.updateUser]==> Parameters: 王大军(String), 2017-04-19 16:25:56.283(Timestamp), 2(String), 河南郑州(String), 31(Integer)
[DEBUG] [2017-04-19 16:25:56][org.apache.ibatis.transaction.jdbc.JdbcTransaction]Rolling back JDBC Connection [com.mysql.jdbc.Connection@217ed35e]
[DEBUG] [2017-04-19 16:25:56][org.apache.ibatis.transaction.jdbc.JdbcTransaction]Resetting autocommit to true on JDBC Connection [com.mysql.jdbc.Connection@217ed35e]
[DEBUG] [2017-04-19 16:25:56][org.apache.ibatis.transaction.jdbc.JdbcTransaction]Closing JDBC Connection [com.mysql.jdbc.Connection@217ed35e]
[DEBUG] [2017-04-19 16:25:56][org.apache.ibatis.datasource.pooled.PooledDataSource]Returned connection 561959774 to pool.
[DEBUG] [2017-04-19 16:26:31][org.apache.ibatis.logging.LogFactory]Logging initialized using 'class org.apache.ibatis.logging.log4j.Log4jImpl' adapter.
[DEBUG] [2017-04-19 16:26:31][org.apache.ibatis.datasource.pooled.PooledDataSource]PooledDataSource forcefully closed/removed all connections.
[DEBUG] [2017-04-19 16:26:31][org.apache.ibatis.datasource.pooled.PooledDataSource]PooledDataSource forcefully closed/removed all connections.
[DEBUG] [2017-04-19 16:26:31][org.apache.ibatis.datasource.pooled.PooledDataSource]PooledDataSource forcefully closed/removed all connections.
[DEBUG] [2017-04-19 16:26:31][org.apache.ibatis.datasource.pooled.PooledDataSource]PooledDataSource forcefully closed/removed all connections.
[DEBUG] [2017-04-19 16:26:31][org.apache.ibatis.transaction.jdbc.JdbcTransaction]Opening JDBC Connection
[DEBUG] [2017-04-19 16:26:31][org.apache.ibatis.datasource.pooled.PooledDataSource]Created connection 561959774.
[DEBUG] [2017-04-19 16:26:31][org.apache.ibatis.transaction.jdbc.JdbcTransaction]Setting autocommit to false on JDBC Connection [com.mysql.jdbc.Connection@217ed35e]
[DEBUG] [2017-04-19 16:26:31][test.updateUser]==>  Preparing: UPDATE SET USERNAME=?,BIRTHDAY=?,SEX=?,ADDRESS=? WHERE ID=? 
[DEBUG] [2017-04-19 16:26:31][test.updateUser]==> Parameters: 王大军(String), 2017-04-19 16:26:31.249(Timestamp), 2(String), 河南郑州(String), 31(Integer)
[DEBUG] [2017-04-19 16:26:31][org.apache.ibatis.transaction.jdbc.JdbcTransaction]Rolling back JDBC Connection [com.mysql.jdbc.Connection@217ed35e]
[DEBUG] [2017-04-19 16:26:31][org.apache.ibatis.transaction.jdbc.JdbcTransaction]Resetting autocommit to true on JDBC Connection [com.mysql.jdbc.Connection@217ed35e]
[DEBUG] [2017-04-19 16:26:31][org.apache.ibatis.transaction.jdbc.JdbcTransaction]Closing JDBC Connection [com.mysql.jdbc.Connection@217ed35e]
[DEBUG] [2017-04-19 16:26:31][org.apache.ibatis.datasource.pooled.PooledDataSource]Returned connection 561959774 to pool.
[DEBUG] [2017-04-19 16:28:33][org.apache.ibatis.logging.LogFactory]Logging initialized using 'class org.apache.ibatis.logging.log4j.Log4jImpl' adapter.
[DEBUG] [2017-04-19 16:28:33][org.apache.ibatis.datasource.pooled.PooledDataSource]PooledDataSource forcefully closed/removed all connections.
[DEBUG] [2017-04-19 16:28:33][org.apache.ibatis.datasource.pooled.PooledDataSource]PooledDataSource forcefully closed/removed all connections.
[DEBUG] [2017-04-19 16:28:33][org.apache.ibatis.datasource.pooled.PooledDataSource]PooledDataSource forcefully closed/removed all connections.
[DEBUG] [2017-04-19 16:28:33][org.apache.ibatis.datasource.pooled.PooledDataSource]PooledDataSource forcefully closed/removed all connections.
[DEBUG] [2017-04-19 16:28:33][org.apache.ibatis.transaction.jdbc.JdbcTransaction]Opening JDBC Connection
[DEBUG] [2017-04-19 16:28:33][org.apache.ibatis.datasource.pooled.PooledDataSource]Created connection 561959774.
[DEBUG] [2017-04-19 16:28:33][org.apache.ibatis.transaction.jdbc.JdbcTransaction]Setting autocommit to false on JDBC Connection [com.mysql.jdbc.Connection@217ed35e]
[DEBUG] [2017-04-19 16:28:33][test.updateUser]==>  Preparing: UPDATE SET USERNAME=?,BIRTHDAY=?,SEX=?,ADDRESS=? WHERE ID=? 
[DEBUG] [2017-04-19 16:28:34][test.updateUser]==> Parameters: 王大军(String), 2017-04-19 16:28:33.706(Timestamp), 2(String), 河南郑州(String), 31(Integer)
[DEBUG] [2017-04-19 16:28:34][org.apache.ibatis.transaction.jdbc.JdbcTransaction]Rolling back JDBC Connection [com.mysql.jdbc.Connection@217ed35e]
[DEBUG] [2017-04-19 16:28:34][org.apache.ibatis.transaction.jdbc.JdbcTransaction]Resetting autocommit to true on JDBC Connection [com.mysql.jdbc.Connection@217ed35e]
[DEBUG] [2017-04-19 16:28:34][org.apache.ibatis.transaction.jdbc.JdbcTransaction]Closing JDBC Connection [com.mysql.jdbc.Connection@217ed35e]
[DEBUG] [2017-04-19 16:28:34][org.apache.ibatis.datasource.pooled.PooledDataSource]Returned connection 561959774 to pool.
[DEBUG] [2017-04-19 16:30:43][org.apache.ibatis.logging.LogFactory]Logging initialized using 'class org.apache.ibatis.logging.log4j.Log4jImpl' adapter.
[DEBUG] [2017-04-19 16:30:43][org.apache.ibatis.datasource.pooled.PooledDataSource]PooledDataSource forcefully closed/removed all connections.
[DEBUG] [2017-04-19 16:30:43][org.apache.ibatis.datasource.pooled.PooledDataSource]PooledDataSource forcefully closed/removed all connections.
[DEBUG] [2017-04-19 16:30:43][org.apache.ibatis.datasource.pooled.PooledDataSource]PooledDataSource forcefully closed/removed all connections.
[DEBUG] [2017-04-19 16:30:43][org.apache.ibatis.datasource.pooled.PooledDataSource]PooledDataSource forcefully closed/removed all connections.
[DEBUG] [2017-04-19 16:30:43][org.apache.ibatis.transaction.jdbc.JdbcTransaction]Opening JDBC Connection
[DEBUG] [2017-04-19 16:30:43][org.apache.ibatis.datasource.pooled.PooledDataSource]Created connection 561959774.
[DEBUG] [2017-04-19 16:30:43][org.apache.ibatis.transaction.jdbc.JdbcTransaction]Setting autocommit to false on JDBC Connection [com.mysql.jdbc.Connection@217ed35e]
[DEBUG] [2017-04-19 16:30:43][test.updateUser]==>  Preparing: UPDATE USER SET USERNAME=?,BIRTHDAY=?,SEX=?,ADDRESS=? WHERE ID=? 
[DEBUG] [2017-04-19 16:30:43][test.updateUser]==> Parameters: 王大军(String), 2017-04-19 16:30:43.337(Timestamp), 2(String), 河南郑州(String), 31(Integer)
[DEBUG] [2017-04-19 16:30:43][test.updateUser]<==    Updates: 0
[DEBUG] [2017-04-19 16:30:43][org.apache.ibatis.transaction.jdbc.JdbcTransaction]Committing JDBC Connection [com.mysql.jdbc.Connection@217ed35e]
[DEBUG] [2017-04-19 16:30:43][org.apache.ibatis.transaction.jdbc.JdbcTransaction]Resetting autocommit to true on JDBC Connection [com.mysql.jdbc.Connection@217ed35e]
[DEBUG] [2017-04-19 16:30:43][org.apache.ibatis.transaction.jdbc.JdbcTransaction]Closing JDBC Connection [com.mysql.jdbc.Connection@217ed35e]
[DEBUG] [2017-04-19 16:30:43][org.apache.ibatis.datasource.pooled.PooledDataSource]Returned connection 561959774 to pool.
[DEBUG] [2017-04-19 16:31:31][org.apache.ibatis.logging.LogFactory]Logging initialized using 'class org.apache.ibatis.logging.log4j.Log4jImpl' adapter.
[DEBUG] [2017-04-19 16:31:31][org.apache.ibatis.datasource.pooled.PooledDataSource]PooledDataSource forcefully closed/removed all connections.
[DEBUG] [2017-04-19 16:31:31][org.apache.ibatis.datasource.pooled.PooledDataSource]PooledDataSource forcefully closed/removed all connections.
[DEBUG] [2017-04-19 16:31:31][org.apache.ibatis.datasource.pooled.PooledDataSource]PooledDataSource forcefully closed/removed all connections.
[DEBUG] [2017-04-19 16:31:31][org.apache.ibatis.datasource.pooled.PooledDataSource]PooledDataSource forcefully closed/removed all connections.
[DEBUG] [2017-04-19 16:31:32][org.apache.ibatis.transaction.jdbc.JdbcTransaction]Opening JDBC Connection
[DEBUG] [2017-04-19 16:31:32][org.apache.ibatis.datasource.pooled.PooledDataSource]Created connection 561959774.
[DEBUG] [2017-04-19 16:31:32][org.apache.ibatis.transaction.jdbc.JdbcTransaction]Setting autocommit to false on JDBC Connection [com.mysql.jdbc.Connection@217ed35e]
[DEBUG] [2017-04-19 16:31:32][test.updateUser]==>  Preparing: UPDATE USER SET USERNAME=?,BIRTHDAY=?,SEX=?,ADDRESS=? WHERE ID=? 
[DEBUG] [2017-04-19 16:31:32][test.updateUser]==> Parameters: 王大军(String), 2017-04-19 16:31:32.088(Timestamp), 2(String), 河南郑州(String), 28(Integer)
[DEBUG] [2017-04-19 16:31:32][test.updateUser]<==    Updates: 1
[DEBUG] [2017-04-19 16:31:32][org.apache.ibatis.transaction.jdbc.JdbcTransaction]Committing JDBC Connection [com.mysql.jdbc.Connection@217ed35e]
[DEBUG] [2017-04-19 16:31:32][org.apache.ibatis.transaction.jdbc.JdbcTransaction]Resetting autocommit to true on JDBC Connection [com.mysql.jdbc.Connection@217ed35e]
[DEBUG] [2017-04-19 16:31:32][org.apache.ibatis.transaction.jdbc.JdbcTransaction]Closing JDBC Connection [com.mysql.jdbc.Connection@217ed35e]
[DEBUG] [2017-04-19 16:31:32][org.apache.ibatis.datasource.pooled.PooledDataSource]Returned connection 561959774 to pool.
[DEBUG] [2017-04-20 14:18:03][org.apache.ibatis.logging.LogFactory]Logging initialized using 'class org.apache.ibatis.logging.log4j.Log4jImpl' adapter.
[DEBUG] [2017-04-20 14:18:03][org.apache.ibatis.datasource.pooled.PooledDataSource]PooledDataSource forcefully closed/removed all connections.
[DEBUG] [2017-04-20 14:18:03][org.apache.ibatis.datasource.pooled.PooledDataSource]PooledDataSource forcefully closed/removed all connections.
[DEBUG] [2017-04-20 14:18:03][org.apache.ibatis.datasource.pooled.PooledDataSource]PooledDataSource forcefully closed/removed all connections.
[DEBUG] [2017-04-20 14:18:03][org.apache.ibatis.datasource.pooled.PooledDataSource]PooledDataSource forcefully closed/removed all connections.
[DEBUG] [2017-04-20 14:18:03][org.apache.ibatis.transaction.jdbc.JdbcTransaction]Opening JDBC Connection
[DEBUG] [2017-04-20 14:18:04][org.apache.ibatis.datasource.pooled.PooledDataSource]Created connection 1199262943.
[DEBUG] [2017-04-20 14:18:04][org.apache.ibatis.transaction.jdbc.JdbcTransaction]Setting autocommit to false on JDBC Connection [com.mysql.jdbc.Connection@477b4cdf]
[DEBUG] [2017-04-20 14:18:04][test.findUserById]==>  Preparing: SELECT * FROM USER WHERE id=? 
[DEBUG] [2017-04-20 14:18:04][test.findUserById]==> Parameters: 1(Integer)
[DEBUG] [2017-04-20 14:18:04][test.findUserById]<==      Total: 1
[DEBUG] [2017-04-20 14:18:04][org.apache.ibatis.transaction.jdbc.JdbcTransaction]Resetting autocommit to true on JDBC Connection [com.mysql.jdbc.Connection@477b4cdf]
[DEBUG] [2017-04-20 14:18:04][org.apache.ibatis.transaction.jdbc.JdbcTransaction]Closing JDBC Connection [com.mysql.jdbc.Connection@477b4cdf]
[DEBUG] [2017-04-20 14:18:04][org.apache.ibatis.datasource.pooled.PooledDataSource]Returned connection 1199262943 to pool.
[DEBUG] [2017-04-20 20:26:13][org.apache.ibatis.logging.LogFactory]Logging initialized using 'class org.apache.ibatis.logging.log4j.Log4jImpl' adapter.
[DEBUG] [2017-04-20 20:26:13][org.apache.ibatis.datasource.pooled.PooledDataSource]PooledDataSource forcefully closed/removed all connections.
[DEBUG] [2017-04-20 20:26:13][org.apache.ibatis.datasource.pooled.PooledDataSource]PooledDataSource forcefully closed/removed all connections.
[DEBUG] [2017-04-20 20:26:13][org.apache.ibatis.datasource.pooled.PooledDataSource]PooledDataSource forcefully closed/removed all connections.
[DEBUG] [2017-04-20 20:26:13][org.apache.ibatis.datasource.pooled.PooledDataSource]PooledDataSource forcefully closed/removed all connections.
[DEBUG] [2017-04-20 20:26:13][org.apache.ibatis.transaction.jdbc.JdbcTransaction]Opening JDBC Connection
[DEBUG] [2017-04-20 20:26:13][org.apache.ibatis.datasource.pooled.PooledDataSource]Created connection 615438348.
[DEBUG] [2017-04-20 20:26:13][org.apache.ibatis.transaction.jdbc.JdbcTransaction]Setting autocommit to false on JDBC Connection [com.mysql.jdbc.Connection@24aed80c]
[DEBUG] [2017-04-20 20:26:13][com.zjc.mybatis.mapper.UserMapper.findUserById]==>  Preparing: SELECT * FROM USER WHERE id=? 
[DEBUG] [2017-04-20 20:26:13][com.zjc.mybatis.mapper.UserMapper.findUserById]==> Parameters: 1(Integer)
[DEBUG] [2017-04-20 20:26:14][com.zjc.mybatis.mapper.UserMapper.findUserById]<==      Total: 1
[DEBUG] [2017-04-20 20:58:44][org.apache.ibatis.logging.LogFactory]Logging initialized using 'class org.apache.ibatis.logging.log4j.Log4jImpl' adapter.
[DEBUG] [2017-04-20 20:58:44][org.apache.ibatis.datasource.pooled.PooledDataSource]PooledDataSource forcefully closed/removed all connections.
[DEBUG] [2017-04-20 20:58:44][org.apache.ibatis.datasource.pooled.PooledDataSource]PooledDataSource forcefully closed/removed all connections.
[DEBUG] [2017-04-20 20:58:44][org.apache.ibatis.datasource.pooled.PooledDataSource]PooledDataSource forcefully closed/removed all connections.
[DEBUG] [2017-04-20 20:58:44][org.apache.ibatis.datasource.pooled.PooledDataSource]PooledDataSource forcefully closed/removed all connections.
[DEBUG] [2017-04-20 20:58:44][org.apache.ibatis.transaction.jdbc.JdbcTransaction]Opening JDBC Connection
[DEBUG] [2017-04-20 20:58:44][org.apache.ibatis.datasource.pooled.PooledDataSource]Created connection 361398902.
[DEBUG] [2017-04-20 20:58:44][org.apache.ibatis.transaction.jdbc.JdbcTransaction]Setting autocommit to false on JDBC Connection [com.mysql.jdbc.Connection@158a8276]
[DEBUG] [2017-04-20 20:58:44][com.zjc.mybatis.mapper.UserMapper.findUserByName]==>  Preparing: SELECT * FROM USER WHERE USERNAME LIKE '%小明%' 
[DEBUG] [2017-04-20 20:58:44][com.zjc.mybatis.mapper.UserMapper.findUserByName]==> Parameters: 
[DEBUG] [2017-04-20 20:58:44][com.zjc.mybatis.mapper.UserMapper.findUserByName]<==      Total: 3
[DEBUG] [2017-04-20 22:07:23][org.apache.ibatis.logging.LogFactory]Logging initialized using 'class org.apache.ibatis.logging.log4j.Log4jImpl' adapter.
[DEBUG] [2017-04-20 22:07:23][org.apache.ibatis.datasource.pooled.PooledDataSource]PooledDataSource forcefully closed/removed all connections.
[DEBUG] [2017-04-20 22:07:23][org.apache.ibatis.datasource.pooled.PooledDataSource]PooledDataSource forcefully closed/removed all connections.
[DEBUG] [2017-04-20 22:07:23][org.apache.ibatis.datasource.pooled.PooledDataSource]PooledDataSource forcefully closed/removed all connections.
[DEBUG] [2017-04-20 22:07:23][org.apache.ibatis.datasource.pooled.PooledDataSource]PooledDataSource forcefully closed/removed all connections.
[DEBUG] [2017-04-20 22:07:23][org.apache.ibatis.transaction.jdbc.JdbcTransaction]Opening JDBC Connection
[DEBUG] [2017-04-20 22:10:03][org.apache.ibatis.logging.LogFactory]Logging initialized using 'class org.apache.ibatis.logging.log4j.Log4jImpl' adapter.
[DEBUG] [2017-04-20 22:10:04][org.apache.ibatis.datasource.pooled.PooledDataSource]PooledDataSource forcefully closed/removed all connections.
[DEBUG] [2017-04-20 22:10:04][org.apache.ibatis.datasource.pooled.PooledDataSource]PooledDataSource forcefully closed/removed all connections.
[DEBUG] [2017-04-20 22:10:04][org.apache.ibatis.datasource.pooled.PooledDataSource]PooledDataSource forcefully closed/removed all connections.
[DEBUG] [2017-04-20 22:10:04][org.apache.ibatis.datasource.pooled.PooledDataSource]PooledDataSource forcefully closed/removed all connections.
[DEBUG] [2017-04-20 22:10:04][org.apache.ibatis.transaction.jdbc.JdbcTransaction]Opening JDBC Connection
[DEBUG] [2017-04-20 22:10:04][org.apache.ibatis.datasource.pooled.PooledDataSource]Created connection 978508707.
[DEBUG] [2017-04-20 22:10:04][org.apache.ibatis.transaction.jdbc.JdbcTransaction]Setting autocommit to false on JDBC Connection [com.mysql.jdbc.Connection@3a52dba3]
[DEBUG] [2017-04-20 22:10:04][com.zjc.mybatis.mapper.UserMapper.findUserById]==>  Preparing: SELECT * FROM USER WHERE id=? 
[DEBUG] [2017-04-20 22:10:04][com.zjc.mybatis.mapper.UserMapper.findUserById]==> Parameters: 1(Integer)
[DEBUG] [2017-04-20 22:10:04][com.zjc.mybatis.mapper.UserMapper.findUserById]<==      Total: 1
[DEBUG] [2017-04-20 22:10:04][org.apache.ibatis.transaction.jdbc.JdbcTransaction]Resetting autocommit to true on JDBC Connection [com.mysql.jdbc.Connection@3a52dba3]
[DEBUG] [2017-04-20 22:10:04][org.apache.ibatis.transaction.jdbc.JdbcTransaction]Closing JDBC Connection [com.mysql.jdbc.Connection@3a52dba3]
[DEBUG] [2017-04-20 22:10:04][org.apache.ibatis.datasource.pooled.PooledDataSource]Returned connection 978508707 to pool.
[DEBUG] [2017-04-20 22:11:58][org.apache.ibatis.logging.LogFactory]Logging initialized using 'class org.apache.ibatis.logging.log4j.Log4jImpl' adapter.
[DEBUG] [2017-04-20 22:11:58][org.apache.ibatis.datasource.pooled.PooledDataSource]PooledDataSource forcefully closed/removed all connections.
[DEBUG] [2017-04-20 22:11:58][org.apache.ibatis.datasource.pooled.PooledDataSource]PooledDataSource forcefully closed/removed all connections.
[DEBUG] [2017-04-20 22:11:58][org.apache.ibatis.datasource.pooled.PooledDataSource]PooledDataSource forcefully closed/removed all connections.
[DEBUG] [2017-04-20 22:11:58][org.apache.ibatis.datasource.pooled.PooledDataSource]PooledDataSource forcefully closed/removed all connections.
[DEBUG] [2017-04-20 22:11:58][org.apache.ibatis.transaction.jdbc.JdbcTransaction]Opening JDBC Connection
[DEBUG] [2017-04-20 22:12:12][org.apache.ibatis.logging.LogFactory]Logging initialized using 'class org.apache.ibatis.logging.log4j.Log4jImpl' adapter.
[DEBUG] [2017-04-20 22:12:12][org.apache.ibatis.datasource.pooled.PooledDataSource]PooledDataSource forcefully closed/removed all connections.
[DEBUG] [2017-04-20 22:12:12][org.apache.ibatis.datasource.pooled.PooledDataSource]PooledDataSource forcefully closed/removed all connections.
[DEBUG] [2017-04-20 22:12:12][org.apache.ibatis.datasource.pooled.PooledDataSource]PooledDataSource forcefully closed/removed all connections.
[DEBUG] [2017-04-20 22:12:12][org.apache.ibatis.datasource.pooled.PooledDataSource]PooledDataSource forcefully closed/removed all connections.
[DEBUG] [2017-04-20 22:12:12][org.apache.ibatis.transaction.jdbc.JdbcTransaction]Opening JDBC Connection
[DEBUG] [2017-04-20 22:12:13][org.apache.ibatis.datasource.pooled.PooledDataSource]Created connection 978508707.
[DEBUG] [2017-04-20 22:12:13][org.apache.ibatis.transaction.jdbc.JdbcTransaction]Setting autocommit to false on JDBC Connection [com.mysql.jdbc.Connection@3a52dba3]
[DEBUG] [2017-04-20 22:12:13][com.zjc.mybatis.mapper.UserMapper.findUserById]==>  Preparing: SELECT * FROM USER WHERE id=? 
[DEBUG] [2017-04-20 22:12:13][com.zjc.mybatis.mapper.UserMapper.findUserById]==> Parameters: 1(Integer)
[DEBUG] [2017-04-20 22:12:13][com.zjc.mybatis.mapper.UserMapper.findUserById]<==      Total: 1
[DEBUG] [2017-04-20 22:12:13][org.apache.ibatis.transaction.jdbc.JdbcTransaction]Resetting autocommit to true on JDBC Connection [com.mysql.jdbc.Connection@3a52dba3]
[DEBUG] [2017-04-20 22:12:13][org.apache.ibatis.transaction.jdbc.JdbcTransaction]Closing JDBC Connection [com.mysql.jdbc.Connection@3a52dba3]
[DEBUG] [2017-04-20 22:12:13][org.apache.ibatis.datasource.pooled.PooledDataSource]Returned connection 978508707 to pool.
[DEBUG] [2017-04-20 22:15:42][org.apache.ibatis.logging.LogFactory]Logging initialized using 'class org.apache.ibatis.logging.log4j.Log4jImpl' adapter.
[DEBUG] [2017-04-20 22:15:42][org.apache.ibatis.datasource.pooled.PooledDataSource]PooledDataSource forcefully closed/removed all connections.
[DEBUG] [2017-04-20 22:15:42][org.apache.ibatis.datasource.pooled.PooledDataSource]PooledDataSource forcefully closed/removed all connections.
[DEBUG] [2017-04-20 22:15:42][org.apache.ibatis.datasource.pooled.PooledDataSource]PooledDataSource forcefully closed/removed all connections.
[DEBUG] [2017-04-20 22:15:42][org.apache.ibatis.datasource.pooled.PooledDataSource]PooledDataSource forcefully closed/removed all connections.
[DEBUG] [2017-04-20 22:15:42][org.apache.ibatis.transaction.jdbc.JdbcTransaction]Opening JDBC Connection
[DEBUG] [2017-04-20 22:15:42][org.apache.ibatis.datasource.pooled.PooledDataSource]Created connection 978508707.
[DEBUG] [2017-04-20 22:15:42][org.apache.ibatis.transaction.jdbc.JdbcTransaction]Setting autocommit to false on JDBC Connection [com.mysql.jdbc.Connection@3a52dba3]
[DEBUG] [2017-04-20 22:15:42][com.zjc.mybatis.mapper.UserMapper.findUserById]==>  Preparing: SELECT * FROM USER WHERE id=? 
[DEBUG] [2017-04-20 22:15:42][com.zjc.mybatis.mapper.UserMapper.findUserById]==> Parameters: 1(Integer)
[DEBUG] [2017-04-20 22:15:42][com.zjc.mybatis.mapper.UserMapper.findUserById]<==      Total: 1
[DEBUG] [2017-04-20 22:15:42][org.apache.ibatis.transaction.jdbc.JdbcTransaction]Resetting autocommit to true on JDBC Connection [com.mysql.jdbc.Connection@3a52dba3]
[DEBUG] [2017-04-20 22:15:42][org.apache.ibatis.transaction.jdbc.JdbcTransaction]Closing JDBC Connection [com.mysql.jdbc.Connection@3a52dba3]
[DEBUG] [2017-04-20 22:15:42][org.apache.ibatis.datasource.pooled.PooledDataSource]Returned connection 978508707 to pool.
[DEBUG] [2017-04-21 11:08:19][org.apache.ibatis.logging.LogFactory]Logging initialized using 'class org.apache.ibatis.logging.log4j.Log4jImpl' adapter.
[DEBUG] [2017-04-21 11:08:19][org.apache.ibatis.datasource.pooled.PooledDataSource]PooledDataSource forcefully closed/removed all connections.
[DEBUG] [2017-04-21 11:08:19][org.apache.ibatis.datasource.pooled.PooledDataSource]PooledDataSource forcefully closed/removed all connections.
[DEBUG] [2017-04-21 11:08:19][org.apache.ibatis.datasource.pooled.PooledDataSource]PooledDataSource forcefully closed/removed all connections.
[DEBUG] [2017-04-21 11:08:19][org.apache.ibatis.datasource.pooled.PooledDataSource]PooledDataSource forcefully closed/removed all connections.
[DEBUG] [2017-04-21 11:08:19][org.apache.ibatis.transaction.jdbc.JdbcTransaction]Opening JDBC Connection
[DEBUG] [2017-04-21 11:08:20][org.apache.ibatis.datasource.pooled.PooledDataSource]Created connection 978508707.
[DEBUG] [2017-04-21 11:08:20][org.apache.ibatis.transaction.jdbc.JdbcTransaction]Setting autocommit to false on JDBC Connection [com.mysql.jdbc.Connection@3a52dba3]
[DEBUG] [2017-04-21 11:08:20][com.zjc.mybatis.mapper.UserMapper.findUserById]==>  Preparing: SELECT * FROM USER WHERE id=? 
[DEBUG] [2017-04-21 11:08:20][com.zjc.mybatis.mapper.UserMapper.findUserById]==> Parameters: 1(Integer)
[DEBUG] [2017-04-21 11:08:20][com.zjc.mybatis.mapper.UserMapper.findUserById]<==      Total: 1
[DEBUG] [2017-04-21 11:08:20][org.apache.ibatis.transaction.jdbc.JdbcTransaction]Resetting autocommit to true on JDBC Connection [com.mysql.jdbc.Connection@3a52dba3]
[DEBUG] [2017-04-21 11:08:20][org.apache.ibatis.transaction.jdbc.JdbcTransaction]Closing JDBC Connection [com.mysql.jdbc.Connection@3a52dba3]
[DEBUG] [2017-04-21 11:08:20][org.apache.ibatis.datasource.pooled.PooledDataSource]Returned connection 978508707 to pool.
[DEBUG] [2017-04-21 11:08:32][org.apache.ibatis.logging.LogFactory]Logging initialized using 'class org.apache.ibatis.logging.log4j.Log4jImpl' adapter.
[DEBUG] [2017-04-21 11:08:32][org.apache.ibatis.datasource.pooled.PooledDataSource]PooledDataSource forcefully closed/removed all connections.
[DEBUG] [2017-04-21 11:08:32][org.apache.ibatis.datasource.pooled.PooledDataSource]PooledDataSource forcefully closed/removed all connections.
[DEBUG] [2017-04-21 11:08:32][org.apache.ibatis.datasource.pooled.PooledDataSource]PooledDataSource forcefully closed/removed all connections.
[DEBUG] [2017-04-21 11:08:32][org.apache.ibatis.datasource.pooled.PooledDataSource]PooledDataSource forcefully closed/removed all connections.
[DEBUG] [2017-04-21 11:08:33][org.apache.ibatis.logging.LogFactory]Logging initialized using 'class org.apache.ibatis.logging.log4j.Log4jImpl' adapter.
[DEBUG] [2017-04-21 11:08:33][org.apache.ibatis.datasource.pooled.PooledDataSource]PooledDataSource forcefully closed/removed all connections.
[DEBUG] [2017-04-21 11:08:33][org.apache.ibatis.datasource.pooled.PooledDataSource]PooledDataSource forcefully closed/removed all connections.
[DEBUG] [2017-04-21 11:08:33][org.apache.ibatis.datasource.pooled.PooledDataSource]PooledDataSource forcefully closed/removed all connections.
[DEBUG] [2017-04-21 11:08:33][org.apache.ibatis.datasource.pooled.PooledDataSource]PooledDataSource forcefully closed/removed all connections.
[DEBUG] [2017-04-21 11:11:14][org.apache.ibatis.logging.LogFactory]Logging initialized using 'class org.apache.ibatis.logging.log4j.Log4jImpl' adapter.
[DEBUG] [2017-04-21 11:11:14][org.apache.ibatis.datasource.pooled.PooledDataSource]PooledDataSource forcefully closed/removed all connections.
[DEBUG] [2017-04-21 11:11:14][org.apache.ibatis.datasource.pooled.PooledDataSource]PooledDataSource forcefully closed/removed all connections.
[DEBUG] [2017-04-21 11:11:14][org.apache.ibatis.datasource.pooled.PooledDataSource]PooledDataSource forcefully closed/removed all connections.
[DEBUG] [2017-04-21 11:11:14][org.apache.ibatis.datasource.pooled.PooledDataSource]PooledDataSource forcefully closed/removed all connections.
[DEBUG] [2017-04-21 11:11:36][org.apache.ibatis.logging.LogFactory]Logging initialized using 'class org.apache.ibatis.logging.log4j.Log4jImpl' adapter.
[DEBUG] [2017-04-21 11:11:36][org.apache.ibatis.datasource.pooled.PooledDataSource]PooledDataSource forcefully closed/removed all connections.
[DEBUG] [2017-04-21 11:11:36][org.apache.ibatis.datasource.pooled.PooledDataSource]PooledDataSource forcefully closed/removed all connections.
[DEBUG] [2017-04-21 11:11:36][org.apache.ibatis.datasource.pooled.PooledDataSource]PooledDataSource forcefully closed/removed all connections.
[DEBUG] [2017-04-21 11:11:36][org.apache.ibatis.datasource.pooled.PooledDataSource]PooledDataSource forcefully closed/removed all connections.
[DEBUG] [2017-04-21 11:11:36][org.apache.ibatis.transaction.jdbc.JdbcTransaction]Opening JDBC Connection
[DEBUG] [2017-04-21 11:11:36][org.apache.ibatis.datasource.pooled.PooledDataSource]Created connection 612097453.
[DEBUG] [2017-04-21 11:11:36][org.apache.ibatis.transaction.jdbc.JdbcTransaction]Setting autocommit to false on JDBC Connection [com.mysql.jdbc.Connection@247bddad]
[DEBUG] [2017-04-21 11:11:36][com.zjc.mybatis.mapper.UserMapper.findUserById]==>  Preparing: SELECT * FROM USER WHERE id=? 
[DEBUG] [2017-04-21 11:11:36][com.zjc.mybatis.mapper.UserMapper.findUserById]==> Parameters: 1(Integer)
[DEBUG] [2017-04-21 11:11:36][com.zjc.mybatis.mapper.UserMapper.findUserById]<==      Total: 1
[DEBUG] [2017-04-21 11:11:36][org.apache.ibatis.transaction.jdbc.JdbcTransaction]Resetting autocommit to true on JDBC Connection [com.mysql.jdbc.Connection@247bddad]
[DEBUG] [2017-04-21 11:11:36][org.apache.ibatis.transaction.jdbc.JdbcTransaction]Closing JDBC Connection [com.mysql.jdbc.Connection@247bddad]
[DEBUG] [2017-04-21 11:11:36][org.apache.ibatis.datasource.pooled.PooledDataSource]Returned connection 612097453 to pool.
[DEBUG] [2017-04-21 11:11:52][org.apache.ibatis.logging.LogFactory]Logging initialized using 'class org.apache.ibatis.logging.log4j.Log4jImpl' adapter.
[DEBUG] [2017-04-21 11:11:52][org.apache.ibatis.datasource.pooled.PooledDataSource]PooledDataSource forcefully closed/removed all connections.
[DEBUG] [2017-04-21 11:11:52][org.apache.ibatis.datasource.pooled.PooledDataSource]PooledDataSource forcefully closed/removed all connections.
[DEBUG] [2017-04-21 11:11:52][org.apache.ibatis.datasource.pooled.PooledDataSource]PooledDataSource forcefully closed/removed all connections.
[DEBUG] [2017-04-21 11:11:52][org.apache.ibatis.datasource.pooled.PooledDataSource]PooledDataSource forcefully closed/removed all connections.
[DEBUG] [2017-04-21 11:11:52][org.apache.ibatis.transaction.jdbc.JdbcTransaction]Opening JDBC Connection
[DEBUG] [2017-04-21 11:11:53][org.apache.ibatis.datasource.pooled.PooledDataSource]Created connection 612097453.
[DEBUG] [2017-04-21 11:11:53][org.apache.ibatis.transaction.jdbc.JdbcTransaction]Setting autocommit to false on JDBC Connection [com.mysql.jdbc.Connection@247bddad]
[DEBUG] [2017-04-21 11:11:53][com.zjc.mybatis.mapper.UserMapper.findUserById]==>  Preparing: SELECT * FROM USER WHERE id=? 
[DEBUG] [2017-04-21 11:11:53][com.zjc.mybatis.mapper.UserMapper.findUserById]==> Parameters: 1(Integer)
[DEBUG] [2017-04-21 11:11:53][com.zjc.mybatis.mapper.UserMapper.findUserById]<==      Total: 1
[DEBUG] [2017-04-21 11:11:53][org.apache.ibatis.transaction.jdbc.JdbcTransaction]Resetting autocommit to true on JDBC Connection [com.mysql.jdbc.Connection@247bddad]
[DEBUG] [2017-04-21 11:11:53][org.apache.ibatis.transaction.jdbc.JdbcTransaction]Closing JDBC Connection [com.mysql.jdbc.Connection@247bddad]
[DEBUG] [2017-04-21 11:11:53][org.apache.ibatis.datasource.pooled.PooledDataSource]Returned connection 612097453 to pool.
[DEBUG] [2017-04-21 11:28:46][org.apache.ibatis.logging.LogFactory]Logging initialized using 'class org.apache.ibatis.logging.log4j.Log4jImpl' adapter.
[DEBUG] [2017-04-21 11:28:46][org.apache.ibatis.datasource.pooled.PooledDataSource]PooledDataSource forcefully closed/removed all connections.
[DEBUG] [2017-04-21 11:28:46][org.apache.ibatis.datasource.pooled.PooledDataSource]PooledDataSource forcefully closed/removed all connections.
[DEBUG] [2017-04-21 11:28:46][org.apache.ibatis.datasource.pooled.PooledDataSource]PooledDataSource forcefully closed/removed all connections.
[DEBUG] [2017-04-21 11:28:46][org.apache.ibatis.datasource.pooled.PooledDataSource]PooledDataSource forcefully closed/removed all connections.
[DEBUG] [2017-04-21 11:28:46][org.apache.ibatis.transaction.jdbc.JdbcTransaction]Opening JDBC Connection
[DEBUG] [2017-04-21 11:28:47][org.apache.ibatis.datasource.pooled.PooledDataSource]Created connection 1536471117.
[DEBUG] [2017-04-21 11:28:47][org.apache.ibatis.transaction.jdbc.JdbcTransaction]Setting autocommit to false on JDBC Connection [com.mysql.jdbc.Connection@5b94b04d]
[DEBUG] [2017-04-21 11:28:47][com.zjc.mybatis.mapper.UserMapper.findUserByName]==>  Preparing: SELECT * FROM USER WHERE USERNAME LIKE '%小明%' 
[DEBUG] [2017-04-21 11:28:47][com.zjc.mybatis.mapper.UserMapper.findUserByName]==> Parameters: 
[DEBUG] [2017-04-21 11:28:47][com.zjc.mybatis.mapper.UserMapper.findUserByName]<==      Total: 3
[DEBUG] [2017-04-21 11:28:47][org.apache.ibatis.transaction.jdbc.JdbcTransaction]Resetting autocommit to true on JDBC Connection [com.mysql.jdbc.Connection@5b94b04d]
[DEBUG] [2017-04-21 11:28:47][org.apache.ibatis.transaction.jdbc.JdbcTransaction]Closing JDBC Connection [com.mysql.jdbc.Connection@5b94b04d]
[DEBUG] [2017-04-21 11:28:47][org.apache.ibatis.datasource.pooled.PooledDataSource]Returned connection 1536471117 to pool.
[DEBUG] [2017-04-21 11:45:14][org.apache.ibatis.logging.LogFactory]Logging initialized using 'class org.apache.ibatis.logging.log4j.Log4jImpl' adapter.
[DEBUG] [2017-04-21 11:45:14][org.apache.ibatis.datasource.pooled.PooledDataSource]PooledDataSource forcefully closed/removed all connections.
[DEBUG] [2017-04-21 11:45:14][org.apache.ibatis.datasource.pooled.PooledDataSource]PooledDataSource forcefully closed/removed all connections.
[DEBUG] [2017-04-21 11:45:14][org.apache.ibatis.datasource.pooled.PooledDataSource]PooledDataSource forcefully closed/removed all connections.
[DEBUG] [2017-04-21 11:45:14][org.apache.ibatis.datasource.pooled.PooledDataSource]PooledDataSource forcefully closed/removed all connections.
[DEBUG] [2017-04-21 11:47:52][org.apache.ibatis.logging.LogFactory]Logging initialized using 'class org.apache.ibatis.logging.log4j.Log4jImpl' adapter.
[DEBUG] [2017-04-21 11:47:52][org.apache.ibatis.datasource.pooled.PooledDataSource]PooledDataSource forcefully closed/removed all connections.
[DEBUG] [2017-04-21 11:47:52][org.apache.ibatis.datasource.pooled.PooledDataSource]PooledDataSource forcefully closed/removed all connections.
[DEBUG] [2017-04-21 11:47:52][org.apache.ibatis.datasource.pooled.PooledDataSource]PooledDataSource forcefully closed/removed all connections.
[DEBUG] [2017-04-21 11:47:52][org.apache.ibatis.datasource.pooled.PooledDataSource]PooledDataSource forcefully closed/removed all connections.
[DEBUG] [2017-04-21 11:50:44][org.apache.ibatis.logging.LogFactory]Logging initialized using 'class org.apache.ibatis.logging.log4j.Log4jImpl' adapter.
[DEBUG] [2017-04-21 11:50:44][org.apache.ibatis.datasource.pooled.PooledDataSource]PooledDataSource forcefully closed/removed all connections.
[DEBUG] [2017-04-21 11:50:44][org.apache.ibatis.datasource.pooled.PooledDataSource]PooledDataSource forcefully closed/removed all connections.
[DEBUG] [2017-04-21 11:50:44][org.apache.ibatis.datasource.pooled.PooledDataSource]PooledDataSource forcefully closed/removed all connections.
[DEBUG] [2017-04-21 11:50:44][org.apache.ibatis.datasource.pooled.PooledDataSource]PooledDataSource forcefully closed/removed all connections.
[DEBUG] [2017-04-21 11:58:19][org.apache.ibatis.logging.LogFactory]Logging initialized using 'class org.apache.ibatis.logging.log4j.Log4jImpl' adapter.
[DEBUG] [2017-04-21 11:58:19][org.apache.ibatis.datasource.pooled.PooledDataSource]PooledDataSource forcefully closed/removed all connections.
[DEBUG] [2017-04-21 11:58:19][org.apache.ibatis.datasource.pooled.PooledDataSource]PooledDataSource forcefully closed/removed all connections.
[DEBUG] [2017-04-21 11:58:19][org.apache.ibatis.datasource.pooled.PooledDataSource]PooledDataSource forcefully closed/removed all connections.
[DEBUG] [2017-04-21 11:58:19][org.apache.ibatis.datasource.pooled.PooledDataSource]PooledDataSource forcefully closed/removed all connections.
[DEBUG] [2017-04-21 12:03:50][org.apache.ibatis.logging.LogFactory]Logging initialized using 'class org.apache.ibatis.logging.log4j.Log4jImpl' adapter.
[DEBUG] [2017-04-21 12:03:50][org.apache.ibatis.datasource.pooled.PooledDataSource]PooledDataSource forcefully closed/removed all connections.
[DEBUG] [2017-04-21 12:03:50][org.apache.ibatis.datasource.pooled.PooledDataSource]PooledDataSource forcefully closed/removed all connections.
[DEBUG] [2017-04-21 12:03:50][org.apache.ibatis.datasource.pooled.PooledDataSource]PooledDataSource forcefully closed/removed all connections.
[DEBUG] [2017-04-21 12:03:50][org.apache.ibatis.datasource.pooled.PooledDataSource]PooledDataSource forcefully closed/removed all connections.
[DEBUG] [2017-04-21 12:04:24][org.apache.ibatis.logging.LogFactory]Logging initialized using 'class org.apache.ibatis.logging.log4j.Log4jImpl' adapter.
[DEBUG] [2017-04-21 12:04:24][org.apache.ibatis.datasource.pooled.PooledDataSource]PooledDataSource forcefully closed/removed all connections.
[DEBUG] [2017-04-21 12:04:24][org.apache.ibatis.datasource.pooled.PooledDataSource]PooledDataSource forcefully closed/removed all connections.
[DEBUG] [2017-04-21 12:04:24][org.apache.ibatis.datasource.pooled.PooledDataSource]PooledDataSource forcefully closed/removed all connections.
[DEBUG] [2017-04-21 12:04:24][org.apache.ibatis.datasource.pooled.PooledDataSource]PooledDataSource forcefully closed/removed all connections.
[DEBUG] [2017-04-21 14:40:38][org.apache.ibatis.logging.LogFactory]Logging initialized using 'class org.apache.ibatis.logging.log4j.Log4jImpl' adapter.
[DEBUG] [2017-04-21 14:40:38][org.apache.ibatis.datasource.pooled.PooledDataSource]PooledDataSource forcefully closed/removed all connections.
[DEBUG] [2017-04-21 14:40:38][org.apache.ibatis.datasource.pooled.PooledDataSource]PooledDataSource forcefully closed/removed all connections.
[DEBUG] [2017-04-21 14:40:38][org.apache.ibatis.datasource.pooled.PooledDataSource]PooledDataSource forcefully closed/removed all connections.
[DEBUG] [2017-04-21 14:40:38][org.apache.ibatis.datasource.pooled.PooledDataSource]PooledDataSource forcefully closed/removed all connections.
[DEBUG] [2017-04-21 14:41:06][org.apache.ibatis.logging.LogFactory]Logging initialized using 'class org.apache.ibatis.logging.log4j.Log4jImpl' adapter.
[DEBUG] [2017-04-21 14:41:06][org.apache.ibatis.datasource.pooled.PooledDataSource]PooledDataSource forcefully closed/removed all connections.
[DEBUG] [2017-04-21 14:41:06][org.apache.ibatis.datasource.pooled.PooledDataSource]PooledDataSource forcefully closed/removed all connections.
[DEBUG] [2017-04-21 14:41:06][org.apache.ibatis.datasource.pooled.PooledDataSource]PooledDataSource forcefully closed/removed all connections.
[DEBUG] [2017-04-21 14:41:06][org.apache.ibatis.datasource.pooled.PooledDataSource]PooledDataSource forcefully closed/removed all connections.
[DEBUG] [2017-04-21 14:41:06][org.apache.ibatis.transaction.jdbc.JdbcTransaction]Opening JDBC Connection
[DEBUG] [2017-04-21 14:41:07][org.apache.ibatis.datasource.pooled.PooledDataSource]Created connection 612097453.
[DEBUG] [2017-04-21 14:41:07][org.apache.ibatis.transaction.jdbc.JdbcTransaction]Setting autocommit to false on JDBC Connection [com.mysql.jdbc.Connection@247bddad]
[DEBUG] [2017-04-21 14:41:07][com.zjc.mybatis.mapper.UserMapper.findUserById]==>  Preparing: SELECT * FROM USER WHERE id=? 
[DEBUG] [2017-04-21 14:41:07][com.zjc.mybatis.mapper.UserMapper.findUserById]==> Parameters: 1(Integer)
[DEBUG] [2017-04-21 14:41:07][com.zjc.mybatis.mapper.UserMapper.findUserById]<==      Total: 1
[DEBUG] [2017-04-21 14:41:07][org.apache.ibatis.transaction.jdbc.JdbcTransaction]Resetting autocommit to true on JDBC Connection [com.mysql.jdbc.Connection@247bddad]
[DEBUG] [2017-04-21 14:41:07][org.apache.ibatis.transaction.jdbc.JdbcTransaction]Closing JDBC Connection [com.mysql.jdbc.Connection@247bddad]
[DEBUG] [2017-04-21 14:41:07][org.apache.ibatis.datasource.pooled.PooledDataSource]Returned connection 612097453 to pool.
[DEBUG] [2017-04-21 14:42:18][org.apache.ibatis.logging.LogFactory]Logging initialized using 'class org.apache.ibatis.logging.log4j.Log4jImpl' adapter.
[DEBUG] [2017-04-21 14:42:18][org.apache.ibatis.datasource.pooled.PooledDataSource]PooledDataSource forcefully closed/removed all connections.
[DEBUG] [2017-04-21 14:42:18][org.apache.ibatis.datasource.pooled.PooledDataSource]PooledDataSource forcefully closed/removed all connections.
[DEBUG] [2017-04-21 14:42:18][org.apache.ibatis.datasource.pooled.PooledDataSource]PooledDataSource forcefully closed/removed all connections.
[DEBUG] [2017-04-21 14:42:18][org.apache.ibatis.datasource.pooled.PooledDataSource]PooledDataSource forcefully closed/removed all connections.
[DEBUG] [2017-04-21 14:42:18][org.apache.ibatis.transaction.jdbc.JdbcTransaction]Opening JDBC Connection
[DEBUG] [2017-04-21 14:42:18][org.apache.ibatis.datasource.pooled.PooledDataSource]Created connection 612097453.
[DEBUG] [2017-04-21 14:42:18][org.apache.ibatis.transaction.jdbc.JdbcTransaction]Setting autocommit to false on JDBC Connection [com.mysql.jdbc.Connection@247bddad]
[DEBUG] [2017-04-21 14:42:18][com.zjc.mybatis.mapper.UserMapper.findUserById]==>  Preparing: SELECT * FROM USER WHERE id=? 
[DEBUG] [2017-04-21 14:42:18][com.zjc.mybatis.mapper.UserMapper.findUserById]==> Parameters: 1(Integer)
[DEBUG] [2017-04-21 14:42:18][com.zjc.mybatis.mapper.UserMapper.findUserById]<==      Total: 1
[DEBUG] [2017-04-21 14:42:18][org.apache.ibatis.transaction.jdbc.JdbcTransaction]Resetting autocommit to true on JDBC Connection [com.mysql.jdbc.Connection@247bddad]
[DEBUG] [2017-04-21 14:42:18][org.apache.ibatis.transaction.jdbc.JdbcTransaction]Closing JDBC Connection [com.mysql.jdbc.Connection@247bddad]
[DEBUG] [2017-04-21 14:42:18][org.apache.ibatis.datasource.pooled.PooledDataSource]Returned connection 612097453 to pool.
[DEBUG] [2017-04-21 14:42:52][org.apache.ibatis.logging.LogFactory]Logging initialized using 'class org.apache.ibatis.logging.log4j.Log4jImpl' adapter.
[DEBUG] [2017-04-21 14:42:52][org.apache.ibatis.datasource.pooled.PooledDataSource]PooledDataSource forcefully closed/removed all connections.
[DEBUG] [2017-04-21 14:42:52][org.apache.ibatis.datasource.pooled.PooledDataSource]PooledDataSource forcefully closed/removed all connections.
[DEBUG] [2017-04-21 14:42:52][org.apache.ibatis.datasource.pooled.PooledDataSource]PooledDataSource forcefully closed/removed all connections.
[DEBUG] [2017-04-21 14:42:52][org.apache.ibatis.datasource.pooled.PooledDataSource]PooledDataSource forcefully closed/removed all connections.
[DEBUG] [2017-04-21 14:48:58][org.apache.ibatis.logging.LogFactory]Logging initialized using 'class org.apache.ibatis.logging.log4j.Log4jImpl' adapter.
[DEBUG] [2017-04-21 14:48:58][org.apache.ibatis.datasource.pooled.PooledDataSource]PooledDataSource forcefully closed/removed all connections.
[DEBUG] [2017-04-21 14:48:58][org.apache.ibatis.datasource.pooled.PooledDataSource]PooledDataSource forcefully closed/removed all connections.
[DEBUG] [2017-04-21 14:48:58][org.apache.ibatis.datasource.pooled.PooledDataSource]PooledDataSource forcefully closed/removed all connections.
[DEBUG] [2017-04-21 14:48:58][org.apache.ibatis.datasource.pooled.PooledDataSource]PooledDataSource forcefully closed/removed all connections.
[DEBUG] [2017-04-21 14:54:07][org.apache.ibatis.logging.LogFactory]Logging initialized using 'class org.apache.ibatis.logging.log4j.Log4jImpl' adapter.
[DEBUG] [2017-04-21 14:54:07][org.apache.ibatis.datasource.pooled.PooledDataSource]PooledDataSource forcefully closed/removed all connections.
[DEBUG] [2017-04-21 14:54:07][org.apache.ibatis.datasource.pooled.PooledDataSource]PooledDataSource forcefully closed/removed all connections.
[DEBUG] [2017-04-21 14:54:07][org.apache.ibatis.datasource.pooled.PooledDataSource]PooledDataSource forcefully closed/removed all connections.
[DEBUG] [2017-04-21 14:54:07][org.apache.ibatis.datasource.pooled.PooledDataSource]PooledDataSource forcefully closed/removed all connections.
[DEBUG] [2017-04-21 14:54:07][org.apache.ibatis.transaction.jdbc.JdbcTransaction]Opening JDBC Connection
[DEBUG] [2017-04-21 14:54:08][org.apache.ibatis.datasource.pooled.PooledDataSource]Created connection 612097453.
[DEBUG] [2017-04-21 14:54:08][org.apache.ibatis.transaction.jdbc.JdbcTransaction]Setting autocommit to false on JDBC Connection [com.mysql.jdbc.Connection@247bddad]
[DEBUG] [2017-04-21 14:54:08][com.zjc.mybatis.mapper.UserMapper.findUserById]==>  Preparing: SELECT * FROM USER WHERE id=? 
[DEBUG] [2017-04-21 14:54:08][com.zjc.mybatis.mapper.UserMapper.findUserById]==> Parameters: 1(Integer)
[DEBUG] [2017-04-21 14:54:08][com.zjc.mybatis.mapper.UserMapper.findUserById]<==      Total: 1
[DEBUG] [2017-04-21 14:54:08][org.apache.ibatis.transaction.jdbc.JdbcTransaction]Resetting autocommit to true on JDBC Connection [com.mysql.jdbc.Connection@247bddad]
[DEBUG] [2017-04-21 14:54:08][org.apache.ibatis.transaction.jdbc.JdbcTransaction]Closing JDBC Connection [com.mysql.jdbc.Connection@247bddad]
[DEBUG] [2017-04-21 14:54:08][org.apache.ibatis.datasource.pooled.PooledDataSource]Returned connection 612097453 to pool.
[DEBUG] [2017-04-21 14:58:17][org.apache.ibatis.logging.LogFactory]Logging initialized using 'class org.apache.ibatis.logging.log4j.Log4jImpl' adapter.
[DEBUG] [2017-04-21 14:58:17][org.apache.ibatis.datasource.pooled.PooledDataSource]PooledDataSource forcefully closed/removed all connections.
[DEBUG] [2017-04-21 14:58:17][org.apache.ibatis.datasource.pooled.PooledDataSource]PooledDataSource forcefully closed/removed all connections.
[DEBUG] [2017-04-21 14:58:17][org.apache.ibatis.datasource.pooled.PooledDataSource]PooledDataSource forcefully closed/removed all connections.
[DEBUG] [2017-04-21 14:58:17][org.apache.ibatis.datasource.pooled.PooledDataSource]PooledDataSource forcefully closed/removed all connections.
[DEBUG] [2017-04-21 14:58:17][org.apache.ibatis.transaction.jdbc.JdbcTransaction]Opening JDBC Connection
[DEBUG] [2017-04-21 14:58:18][org.apache.ibatis.datasource.pooled.PooledDataSource]Created connection 1536471117.
[DEBUG] [2017-04-21 14:58:18][org.apache.ibatis.transaction.jdbc.JdbcTransaction]Setting autocommit to false on JDBC Connection [com.mysql.jdbc.Connection@5b94b04d]
[DEBUG] [2017-04-21 14:58:18][com.zjc.mybatis.mapper.UserMapper.findUserByName]==>  Preparing: SELECT * FROM USER WHERE USERNAME LIKE '%小明%' 
[DEBUG] [2017-04-21 14:58:18][com.zjc.mybatis.mapper.UserMapper.findUserByName]==> Parameters: 
[DEBUG] [2017-04-21 14:58:18][com.zjc.mybatis.mapper.UserMapper.findUserByName]<==      Total: 3
[DEBUG] [2017-04-21 14:58:18][org.apache.ibatis.transaction.jdbc.JdbcTransaction]Resetting autocommit to true on JDBC Connection [com.mysql.jdbc.Connection@5b94b04d]
[DEBUG] [2017-04-21 14:58:18][org.apache.ibatis.transaction.jdbc.JdbcTransaction]Closing JDBC Connection [com.mysql.jdbc.Connection@5b94b04d]
[DEBUG] [2017-04-21 14:58:18][org.apache.ibatis.datasource.pooled.PooledDataSource]Returned connection 1536471117 to pool.
[DEBUG] [2017-04-21 16:34:21][org.apache.ibatis.logging.LogFactory]Logging initialized using 'class org.apache.ibatis.logging.log4j.Log4jImpl' adapter.
[DEBUG] [2017-04-21 16:34:22][org.apache.ibatis.datasource.pooled.PooledDataSource]PooledDataSource forcefully closed/removed all connections.
[DEBUG] [2017-04-21 16:34:22][org.apache.ibatis.datasource.pooled.PooledDataSource]PooledDataSource forcefully closed/removed all connections.
[DEBUG] [2017-04-21 16:34:22][org.apache.ibatis.datasource.pooled.PooledDataSource]PooledDataSource forcefully closed/removed all connections.
[DEBUG] [2017-04-21 16:34:22][org.apache.ibatis.datasource.pooled.PooledDataSource]PooledDataSource forcefully closed/removed all connections.
[DEBUG] [2017-04-21 16:34:22][org.apache.ibatis.transaction.jdbc.JdbcTransaction]Opening JDBC Connection
[DEBUG] [2017-04-21 16:34:22][org.apache.ibatis.datasource.pooled.PooledDataSource]Created connection 504858437.
[DEBUG] [2017-04-21 16:34:22][org.apache.ibatis.transaction.jdbc.JdbcTransaction]Setting autocommit to false on JDBC Connection [com.mysql.jdbc.Connection@1e178745]
[DEBUG] [2017-04-21 16:34:22][com.zjc.mybatis.mapper.UserMapper.findUserList]==>  Preparing: SELECT * FROM USER WHERE user.sex=? AND user.name LIKE '%张三丰%' 
[DEBUG] [2017-04-21 16:34:22][com.zjc.mybatis.mapper.UserMapper.findUserList]==> Parameters: 1(String)
[DEBUG] [2017-04-21 16:35:05][org.apache.ibatis.logging.LogFactory]Logging initialized using 'class org.apache.ibatis.logging.log4j.Log4jImpl' adapter.
[DEBUG] [2017-04-21 16:35:05][org.apache.ibatis.datasource.pooled.PooledDataSource]PooledDataSource forcefully closed/removed all connections.
[DEBUG] [2017-04-21 16:35:05][org.apache.ibatis.datasource.pooled.PooledDataSource]PooledDataSource forcefully closed/removed all connections.
[DEBUG] [2017-04-21 16:35:05][org.apache.ibatis.datasource.pooled.PooledDataSource]PooledDataSource forcefully closed/removed all connections.
[DEBUG] [2017-04-21 16:35:05][org.apache.ibatis.datasource.pooled.PooledDataSource]PooledDataSource forcefully closed/removed all connections.
[DEBUG] [2017-04-21 16:35:05][org.apache.ibatis.transaction.jdbc.JdbcTransaction]Opening JDBC Connection
[DEBUG] [2017-04-21 16:35:05][org.apache.ibatis.datasource.pooled.PooledDataSource]Created connection 504858437.
[DEBUG] [2017-04-21 16:35:05][org.apache.ibatis.transaction.jdbc.JdbcTransaction]Setting autocommit to false on JDBC Connection [com.mysql.jdbc.Connection@1e178745]
[DEBUG] [2017-04-21 16:35:05][com.zjc.mybatis.mapper.UserMapper.findUserList]==>  Preparing: SELECT * FROM USER WHERE user.sex=? AND user.username LIKE '%张三丰%' 
[DEBUG] [2017-04-21 16:35:06][com.zjc.mybatis.mapper.UserMapper.findUserList]==> Parameters: 1(String)
[DEBUG] [2017-04-21 16:35:06][com.zjc.mybatis.mapper.UserMapper.findUserList]<==      Total: 1
[DEBUG] [2017-04-21 16:35:06][org.apache.ibatis.transaction.jdbc.JdbcTransaction]Resetting autocommit to true on JDBC Connection [com.mysql.jdbc.Connection@1e178745]
[DEBUG] [2017-04-21 16:35:06][org.apache.ibatis.transaction.jdbc.JdbcTransaction]Closing JDBC Connection [com.mysql.jdbc.Connection@1e178745]
[DEBUG] [2017-04-21 16:35:06][org.apache.ibatis.datasource.pooled.PooledDataSource]Returned connection 504858437 to pool.
[DEBUG] [2017-04-21 21:13:56][org.apache.ibatis.logging.LogFactory]Logging initialized using 'class org.apache.ibatis.logging.log4j.Log4jImpl' adapter.
[DEBUG] [2017-04-21 21:13:56][org.apache.ibatis.datasource.pooled.PooledDataSource]PooledDataSource forcefully closed/removed all connections.
[DEBUG] [2017-04-21 21:13:56][org.apache.ibatis.datasource.pooled.PooledDataSource]PooledDataSource forcefully closed/removed all connections.
[DEBUG] [2017-04-21 21:13:56][org.apache.ibatis.datasource.pooled.PooledDataSource]PooledDataSource forcefully closed/removed all connections.
[DEBUG] [2017-04-21 21:13:56][org.apache.ibatis.datasource.pooled.PooledDataSource]PooledDataSource forcefully closed/removed all connections.
[DEBUG] [2017-04-21 21:13:56][org.apache.ibatis.transaction.jdbc.JdbcTransaction]Opening JDBC Connection
[DEBUG] [2017-04-21 21:13:56][org.apache.ibatis.datasource.pooled.PooledDataSource]Created connection 504858437.
[DEBUG] [2017-04-21 21:13:56][org.apache.ibatis.transaction.jdbc.JdbcTransaction]Setting autocommit to false on JDBC Connection [com.mysql.jdbc.Connection@1e178745]
[DEBUG] [2017-04-21 21:13:56][com.zjc.mybatis.mapper.UserMapper.findUserCount]==>  Preparing: SELECT COUNT(*) FROM USER WHERE user.sex=? AND user.username LIKE '%张三丰%' 
[DEBUG] [2017-04-21 21:13:56][com.zjc.mybatis.mapper.UserMapper.findUserCount]==> Parameters: 1(String)
[DEBUG] [2017-04-21 21:13:56][com.zjc.mybatis.mapper.UserMapper.findUserCount]<==      Total: 1
[DEBUG] [2017-04-21 21:13:56][org.apache.ibatis.transaction.jdbc.JdbcTransaction]Resetting autocommit to true on JDBC Connection [com.mysql.jdbc.Connection@1e178745]
[DEBUG] [2017-04-21 21:13:56][org.apache.ibatis.transaction.jdbc.JdbcTransaction]Closing JDBC Connection [com.mysql.jdbc.Connection@1e178745]
[DEBUG] [2017-04-21 21:13:56][org.apache.ibatis.datasource.pooled.PooledDataSource]Returned connection 504858437 to pool.
[DEBUG] [2017-04-21 21:40:44][org.apache.ibatis.logging.LogFactory]Logging initialized using 'class org.apache.ibatis.logging.log4j.Log4jImpl' adapter.
[DEBUG] [2017-04-21 21:40:44][org.apache.ibatis.datasource.pooled.PooledDataSource]PooledDataSource forcefully closed/removed all connections.
[DEBUG] [2017-04-21 21:40:44][org.apache.ibatis.datasource.pooled.PooledDataSource]PooledDataSource forcefully closed/removed all connections.
[DEBUG] [2017-04-21 21:40:44][org.apache.ibatis.datasource.pooled.PooledDataSource]PooledDataSource forcefully closed/removed all connections.
[DEBUG] [2017-04-21 21:40:44][org.apache.ibatis.datasource.pooled.PooledDataSource]PooledDataSource forcefully closed/removed all connections.
[DEBUG] [2017-04-21 21:40:44][org.apache.ibatis.transaction.jdbc.JdbcTransaction]Opening JDBC Connection
[DEBUG] [2017-04-21 21:40:44][org.apache.ibatis.datasource.pooled.PooledDataSource]Created connection 1816147548.
[DEBUG] [2017-04-21 21:40:44][org.apache.ibatis.transaction.jdbc.JdbcTransaction]Setting autocommit to false on JDBC Connection [com.mysql.jdbc.Connection@6c40365c]
[DEBUG] [2017-04-21 21:40:44][com.zjc.mybatis.mapper.UserMapper.findUserByIdResultMap]==>  Preparing: SELECT id id_,username username_ FROM USER WHERE id=? 
[DEBUG] [2017-04-21 21:40:44][com.zjc.mybatis.mapper.UserMapper.findUserByIdResultMap]==> Parameters: 1(Integer)
[DEBUG] [2017-04-21 21:40:44][com.zjc.mybatis.mapper.UserMapper.findUserByIdResultMap]<==      Total: 1
[DEBUG] [2017-04-21 21:40:44][org.apache.ibatis.transaction.jdbc.JdbcTransaction]Resetting autocommit to true on JDBC Connection [com.mysql.jdbc.Connection@6c40365c]
[DEBUG] [2017-04-21 21:40:44][org.apache.ibatis.transaction.jdbc.JdbcTransaction]Closing JDBC Connection [com.mysql.jdbc.Connection@6c40365c]
[DEBUG] [2017-04-21 21:40:44][org.apache.ibatis.datasource.pooled.PooledDataSource]Returned connection 1816147548 to pool.
[DEBUG] [2017-04-21 21:41:02][org.apache.ibatis.logging.LogFactory]Logging initialized using 'class org.apache.ibatis.logging.log4j.Log4jImpl' adapter.
[DEBUG] [2017-04-21 21:41:02][org.apache.ibatis.datasource.pooled.PooledDataSource]PooledDataSource forcefully closed/removed all connections.
[DEBUG] [2017-04-21 21:41:02][org.apache.ibatis.datasource.pooled.PooledDataSource]PooledDataSource forcefully closed/removed all connections.
[DEBUG] [2017-04-21 21:41:02][org.apache.ibatis.datasource.pooled.PooledDataSource]PooledDataSource forcefully closed/removed all connections.
[DEBUG] [2017-04-21 21:41:02][org.apache.ibatis.datasource.pooled.PooledDataSource]PooledDataSource forcefully closed/removed all connections.
[DEBUG] [2017-04-21 21:41:02][org.apache.ibatis.transaction.jdbc.JdbcTransaction]Opening JDBC Connection
[DEBUG] [2017-04-21 21:41:02][org.apache.ibatis.datasource.pooled.PooledDataSource]Created connection 169880779.
[DEBUG] [2017-04-21 21:41:02][org.apache.ibatis.transaction.jdbc.JdbcTransaction]Setting autocommit to false on JDBC Connection [com.mysql.jdbc.Connection@a202ccb]
[DEBUG] [2017-04-21 21:41:02][com.zjc.mybatis.mapper.UserMapper.findUserByIdResultMap]==>  Preparing: SELECT id id_,username username_ FROM USER WHERE id=? 
[DEBUG] [2017-04-21 21:41:02][com.zjc.mybatis.mapper.UserMapper.findUserByIdResultMap]==> Parameters: 1(Integer)
[DEBUG] [2017-04-21 21:41:02][com.zjc.mybatis.mapper.UserMapper.findUserByIdResultMap]<==      Total: 1
[DEBUG] [2017-04-21 21:41:02][org.apache.ibatis.transaction.jdbc.JdbcTransaction]Resetting autocommit to true on JDBC Connection [com.mysql.jdbc.Connection@a202ccb]
[DEBUG] [2017-04-21 21:41:02][org.apache.ibatis.transaction.jdbc.JdbcTransaction]Closing JDBC Connection [com.mysql.jdbc.Connection@a202ccb]
[DEBUG] [2017-04-21 21:41:02][org.apache.ibatis.datasource.pooled.PooledDataSource]Returned connection 169880779 to pool.
[DEBUG] [2017-04-21 22:01:29][org.apache.ibatis.logging.LogFactory]Logging initialized using 'class org.apache.ibatis.logging.log4j.Log4jImpl' adapter.
[DEBUG] [2017-04-21 22:01:29][org.apache.ibatis.datasource.pooled.PooledDataSource]PooledDataSource forcefully closed/removed all connections.
[DEBUG] [2017-04-21 22:01:29][org.apache.ibatis.datasource.pooled.PooledDataSource]PooledDataSource forcefully closed/removed all connections.
[DEBUG] [2017-04-21 22:01:29][org.apache.ibatis.datasource.pooled.PooledDataSource]PooledDataSource forcefully closed/removed all connections.
[DEBUG] [2017-04-21 22:01:29][org.apache.ibatis.datasource.pooled.PooledDataSource]PooledDataSource forcefully closed/removed all connections.
[DEBUG] [2017-04-21 22:02:33][org.apache.ibatis.logging.LogFactory]Logging initialized using 'class org.apache.ibatis.logging.log4j.Log4jImpl' adapter.
[DEBUG] [2017-04-21 22:02:34][org.apache.ibatis.datasource.pooled.PooledDataSource]PooledDataSource forcefully closed/removed all connections.
[DEBUG] [2017-04-21 22:02:34][org.apache.ibatis.datasource.pooled.PooledDataSource]PooledDataSource forcefully closed/removed all connections.
[DEBUG] [2017-04-21 22:02:34][org.apache.ibatis.datasource.pooled.PooledDataSource]PooledDataSource forcefully closed/removed all connections.
[DEBUG] [2017-04-21 22:02:34][org.apache.ibatis.datasource.pooled.PooledDataSource]PooledDataSource forcefully closed/removed all connections.
[DEBUG] [2017-04-21 22:02:34][org.apache.ibatis.transaction.jdbc.JdbcTransaction]Opening JDBC Connection
[DEBUG] [2017-04-21 22:02:34][org.apache.ibatis.datasource.pooled.PooledDataSource]Created connection 2012744708.
[DEBUG] [2017-04-21 22:02:34][org.apache.ibatis.transaction.jdbc.JdbcTransaction]Setting autocommit to false on JDBC Connection [com.mysql.jdbc.Connection@77f80c04]
[DEBUG] [2017-04-21 22:02:34][com.zjc.mybatis.mapper.UserMapper.findUserList]==>  Preparing: SELECT * FROM USER WHERE user.sex = ? and user.username LIKE '%张三丰%' 
[DEBUG] [2017-04-21 22:02:34][com.zjc.mybatis.mapper.UserMapper.findUserList]==> Parameters: 1(String)
[DEBUG] [2017-04-21 22:02:34][com.zjc.mybatis.mapper.UserMapper.findUserList]<==      Total: 1
[DEBUG] [2017-04-21 22:02:34][org.apache.ibatis.transaction.jdbc.JdbcTransaction]Resetting autocommit to true on JDBC Connection [com.mysql.jdbc.Connection@77f80c04]
[DEBUG] [2017-04-21 22:02:34][org.apache.ibatis.transaction.jdbc.JdbcTransaction]Closing JDBC Connection [com.mysql.jdbc.Connection@77f80c04]
[DEBUG] [2017-04-21 22:02:34][org.apache.ibatis.datasource.pooled.PooledDataSource]Returned connection 2012744708 to pool.
[DEBUG] [2017-04-21 22:02:49][org.apache.ibatis.logging.LogFactory]Logging initialized using 'class org.apache.ibatis.logging.log4j.Log4jImpl' adapter.
[DEBUG] [2017-04-21 22:02:49][org.apache.ibatis.datasource.pooled.PooledDataSource]PooledDataSource forcefully closed/removed all connections.
[DEBUG] [2017-04-21 22:02:49][org.apache.ibatis.datasource.pooled.PooledDataSource]PooledDataSource forcefully closed/removed all connections.
[DEBUG] [2017-04-21 22:02:49][org.apache.ibatis.datasource.pooled.PooledDataSource]PooledDataSource forcefully closed/removed all connections.
[DEBUG] [2017-04-21 22:02:49][org.apache.ibatis.datasource.pooled.PooledDataSource]PooledDataSource forcefully closed/removed all connections.
[DEBUG] [2017-04-21 22:02:50][org.apache.ibatis.transaction.jdbc.JdbcTransaction]Opening JDBC Connection
[DEBUG] [2017-04-21 22:02:50][org.apache.ibatis.datasource.pooled.PooledDataSource]Created connection 2012744708.
[DEBUG] [2017-04-21 22:02:50][org.apache.ibatis.transaction.jdbc.JdbcTransaction]Setting autocommit to false on JDBC Connection [com.mysql.jdbc.Connection@77f80c04]
[DEBUG] [2017-04-21 22:02:50][com.zjc.mybatis.mapper.UserMapper.findUserCount]==>  Preparing: SELECT COUNT(*) FROM USER WHERE user.sex = ? and user.username LIKE '%张三丰%' 
[DEBUG] [2017-04-21 22:02:50][com.zjc.mybatis.mapper.UserMapper.findUserCount]==> Parameters: 1(String)
[DEBUG] [2017-04-21 22:02:50][com.zjc.mybatis.mapper.UserMapper.findUserCount]<==      Total: 1
[DEBUG] [2017-04-21 22:02:50][org.apache.ibatis.transaction.jdbc.JdbcTransaction]Resetting autocommit to true on JDBC Connection [com.mysql.jdbc.Connection@77f80c04]
[DEBUG] [2017-04-21 22:02:50][org.apache.ibatis.transaction.jdbc.JdbcTransaction]Closing JDBC Connection [com.mysql.jdbc.Connection@77f80c04]
[DEBUG] [2017-04-21 22:02:50][org.apache.ibatis.datasource.pooled.PooledDataSource]Returned connection 2012744708 to pool.
[DEBUG] [2017-04-21 22:17:58][org.apache.ibatis.logging.LogFactory]Logging initialized using 'class org.apache.ibatis.logging.log4j.Log4jImpl' adapter.
[DEBUG] [2017-04-21 22:17:58][org.apache.ibatis.datasource.pooled.PooledDataSource]PooledDataSource forcefully closed/removed all connections.
[DEBUG] [2017-04-21 22:17:58][org.apache.ibatis.datasource.pooled.PooledDataSource]PooledDataSource forcefully closed/removed all connections.
[DEBUG] [2017-04-21 22:17:58][org.apache.ibatis.datasource.pooled.PooledDataSource]PooledDataSource forcefully closed/removed all connections.
[DEBUG] [2017-04-21 22:17:58][org.apache.ibatis.datasource.pooled.PooledDataSource]PooledDataSource forcefully closed/removed all connections.
[DEBUG] [2017-04-21 22:17:58][org.apache.ibatis.transaction.jdbc.JdbcTransaction]Opening JDBC Connection
[DEBUG] [2017-04-21 22:17:58][org.apache.ibatis.datasource.pooled.PooledDataSource]Created connection 1661406123.
[DEBUG] [2017-04-21 22:17:58][org.apache.ibatis.transaction.jdbc.JdbcTransaction]Setting autocommit to false on JDBC Connection [com.mysql.jdbc.Connection@63070bab]
[DEBUG] [2017-04-21 22:17:58][com.zjc.mybatis.mapper.UserMapper.findUserList]==>  Preparing: SELECT * FROM USER WHERE user.sex = ? and user.username LIKE '%张三丰%' 
[DEBUG] [2017-04-21 22:17:59][com.zjc.mybatis.mapper.UserMapper.findUserList]==> Parameters: 1(String)
[DEBUG] [2017-04-21 22:17:59][com.zjc.mybatis.mapper.UserMapper.findUserList]<==      Total: 1
[DEBUG] [2017-04-21 22:17:59][org.apache.ibatis.transaction.jdbc.JdbcTransaction]Resetting autocommit to true on JDBC Connection [com.mysql.jdbc.Connection@63070bab]
[DEBUG] [2017-04-21 22:17:59][org.apache.ibatis.transaction.jdbc.JdbcTransaction]Closing JDBC Connection [com.mysql.jdbc.Connection@63070bab]
[DEBUG] [2017-04-21 22:17:59][org.apache.ibatis.datasource.pooled.PooledDataSource]Returned connection 1661406123 to pool.
[DEBUG] [2017-04-21 22:19:05][org.apache.ibatis.logging.LogFactory]Logging initialized using 'class org.apache.ibatis.logging.log4j.Log4jImpl' adapter.
[DEBUG] [2017-04-21 22:19:05][org.apache.ibatis.datasource.pooled.PooledDataSource]PooledDataSource forcefully closed/removed all connections.
[DEBUG] [2017-04-21 22:19:05][org.apache.ibatis.datasource.pooled.PooledDataSource]PooledDataSource forcefully closed/removed all connections.
[DEBUG] [2017-04-21 22:19:05][org.apache.ibatis.datasource.pooled.PooledDataSource]PooledDataSource forcefully closed/removed all connections.
[DEBUG] [2017-04-21 22:19:05][org.apache.ibatis.datasource.pooled.PooledDataSource]PooledDataSource forcefully closed/removed all connections.
[DEBUG] [2017-04-21 22:19:05][org.apache.ibatis.transaction.jdbc.JdbcTransaction]Opening JDBC Connection
[DEBUG] [2017-04-21 22:19:06][org.apache.ibatis.datasource.pooled.PooledDataSource]Created connection 689654773.
[DEBUG] [2017-04-21 22:19:06][org.apache.ibatis.transaction.jdbc.JdbcTransaction]Setting autocommit to false on JDBC Connection [com.mysql.jdbc.Connection@291b4bf5]
[DEBUG] [2017-04-21 22:19:06][com.zjc.mybatis.mapper.UserMapper.findUserList]==>  Preparing: SELECT * FROM USER WHERE user.sex = ? and user.username LIKE '%张三丰%' AND ( id=? or id=? or id=? ) 
[DEBUG] [2017-04-21 22:19:06][com.zjc.mybatis.mapper.UserMapper.findUserList]==> Parameters: 1(String), 1(Integer), 10(Integer), 16(Integer)
[DEBUG] [2017-04-21 22:19:06][com.zjc.mybatis.mapper.UserMapper.findUserList]<==      Total: 0
[DEBUG] [2017-04-21 22:19:06][org.apache.ibatis.transaction.jdbc.JdbcTransaction]Resetting autocommit to true on JDBC Connection [com.mysql.jdbc.Connection@291b4bf5]
[DEBUG] [2017-04-21 22:19:06][org.apache.ibatis.transaction.jdbc.JdbcTransaction]Closing JDBC Connection [com.mysql.jdbc.Connection@291b4bf5]
[DEBUG] [2017-04-21 22:19:06][org.apache.ibatis.datasource.pooled.PooledDataSource]Returned connection 689654773 to pool.
[DEBUG] [2017-04-21 22:20:22][org.apache.ibatis.logging.LogFactory]Logging initialized using 'class org.apache.ibatis.logging.log4j.Log4jImpl' adapter.
[DEBUG] [2017-04-21 22:20:22][org.apache.ibatis.datasource.pooled.PooledDataSource]PooledDataSource forcefully closed/removed all connections.
[DEBUG] [2017-04-21 22:20:22][org.apache.ibatis.datasource.pooled.PooledDataSource]PooledDataSource forcefully closed/removed all connections.
[DEBUG] [2017-04-21 22:20:22][org.apache.ibatis.datasource.pooled.PooledDataSource]PooledDataSource forcefully closed/removed all connections.
[DEBUG] [2017-04-21 22:20:22][org.apache.ibatis.datasource.pooled.PooledDataSource]PooledDataSource forcefully closed/removed all connections.
[DEBUG] [2017-04-21 22:20:22][org.apache.ibatis.transaction.jdbc.JdbcTransaction]Opening JDBC Connection
[DEBUG] [2017-04-21 22:20:22][org.apache.ibatis.datasource.pooled.PooledDataSource]Created connection 689654773.
[DEBUG] [2017-04-21 22:20:22][org.apache.ibatis.transaction.jdbc.JdbcTransaction]Setting autocommit to false on JDBC Connection [com.mysql.jdbc.Connection@291b4bf5]
[DEBUG] [2017-04-21 22:20:22][com.zjc.mybatis.mapper.UserMapper.findUserList]==>  Preparing: SELECT * FROM USER WHERE user.sex = ? and user.username LIKE '%小明%' AND ( id=? or id=? or id=? ) 
[DEBUG] [2017-04-21 22:20:22][com.zjc.mybatis.mapper.UserMapper.findUserList]==> Parameters: 1(String), 1(Integer), 10(Integer), 16(Integer)
[DEBUG] [2017-04-21 22:20:22][com.zjc.mybatis.mapper.UserMapper.findUserList]<==      Total: 1
[DEBUG] [2017-04-21 22:20:22][org.apache.ibatis.transaction.jdbc.JdbcTransaction]Resetting autocommit to true on JDBC Connection [com.mysql.jdbc.Connection@291b4bf5]
[DEBUG] [2017-04-21 22:20:22][org.apache.ibatis.transaction.jdbc.JdbcTransaction]Closing JDBC Connection [com.mysql.jdbc.Connection@291b4bf5]
[DEBUG] [2017-04-21 22:20:22][org.apache.ibatis.datasource.pooled.PooledDataSource]Returned connection 689654773 to pool.
